#
# A fatal error has been detected by the Java Runtime Environment:
#
#  SIGSEGV (0xb) at pc=0x00007f32c5ad3b44, pid=114615, tid=114619
#
# JRE version:  (11.0.12+7) (build )
# Java VM: OpenJDK 64-Bit Server VM (11.0.12+7, mixed mode, tiered, compressed oops, g1 gc, linux-amd64)
# Problematic frame:
# V  [libjvm.so+0x8d3b44]  JavaCallWrapper::JavaCallWrapper(methodHandle const&, Handle, JavaValue*, Thread*)+0x144
#
# Core dump will be written. Default location: Core dumps may be processed with "/usr/share/apport/apport -p%p -s%s -c%c -d%d -P%P -u%u -g%g -- %E" (or dumping to /home/alexander/Data/Work/ConferencesSeminars/2022/10 - Cascades lecture/reveal.js/core.114615)
#
#

---------------  S U M M A R Y ------------

Command Line: -Xms64m -Xmx512m -Dapp.name=ltex-ls -Dapp.pid=114615 -Dapp.repo=/home/alexander/.vscode/extensions/valentjn.vscode-ltex-13.1.0/lib/ltex-ls-15.2.0/lib -Dapp.home=/home/alexander/.vscode/extensions/valentjn.vscode-ltex-13.1.0/lib/ltex-ls-15.2.0 -Dbasedir=/home/alexander/.vscode/extensions/valentjn.vscode-ltex-13.1.0/lib/ltex-ls-15.2.0 org.bsplines.ltexls.LtexLanguageServerLauncher

Host: AMD Ryzen 7 3800X 8-Core Processor, 16 cores, 15G, Ubuntu 22.04.1 LTS
Time: Wed Sep 14 14:12:51 2022 MSK elapsed time: 0.033994 seconds (0d 0h 0m 0s)

---------------  T H R E A D  ---------------

Current thread (0x00007f32c002b800):  JavaThread "Unknown thread" [_thread_in_Java, id=114619, stack(0x00007f32c5100000,0x00007f32c5200000)]

Stack: [0x00007f32c5100000,0x00007f32c5200000],  sp=0x00007f32c51fe4d0,  free space=1017k
Native frames: (J=compiled Java code, A=aot compiled Java code, j=interpreted, Vv=VM code, C=native code)
V  [libjvm.so+0x8d3b44]  JavaCallWrapper::JavaCallWrapper(methodHandle const&, Handle, JavaValue*, Thread*)+0x144
V  [libjvm.so+0x8d5fd4]  JavaCalls::call_helper(JavaValue*, methodHandle const&, JavaCallArguments*, Thread*)+0x1d4
V  [libjvm.so+0x8a6e8e]  InstanceKlass::call_class_initializer(Thread*)+0x22e
V  [libjvm.so+0x8a74db]  InstanceKlass::initialize_impl(Thread*)+0x4fb
V  [libjvm.so+0x8a7318]  InstanceKlass::initialize_impl(Thread*)+0x338
V  [libjvm.so+0xeda426]  Threads::initialize_java_lang_classes(JavaThread*, Thread*)+0x76
V  [libjvm.so+0xedc5d2]  Threads::create_vm(JavaVMInitArgs*, bool*)+0x4a2
V  [libjvm.so+0x9615b2]  JNI_CreateJavaVM+0x52
C  [libjli.so+0x49af]  JavaMain+0x8f
C  [libjli.so+0x9149]  ThreadJavaMain+0x9


siginfo: si_signo: 11 (SIGSEGV), si_code: 1 (SEGV_MAPERR), si_addr: 0x0000000000010000

Register to memory mapping:

RAX=0x0000000000000001 is an unknown value
RBX=0x00007f32c002b800 is a thread
RCX=0x0 is NULL
RDX=0x0 is NULL
RSP=0x00007f32c51fe4d0 is pointing into the stack for thread: 0x00007f32c002b800
RBP=0x00007f32c51fe500 is pointing into the stack for thread: 0x00007f32c002b800
RSI=0x0 is NULL
RDI=0x00007f32c00294f0 points into unknown readable memory: 0x0000000000000000 | 00 00 00 00 00 00 00 00
R8 =0x00007f32c002b800 is a thread
R9 =0x00007f329cef5df8 is pointing into metadata
R10=0x00007f329cef5110 is pointing into metadata
R11=0x0000000000000004 is an unknown value
R12=0x00007f32c51fe580 is pointing into the stack for thread: 0x00007f32c002b800
R13=0x0000000000010000 is an unknown value
R14=0x00007f32c51fe610 is pointing into the stack for thread: 0x00007f32c002b800
R15=0x00007f32c00fe920 points into unknown readable memory: 0x0000000000000000 | 00 00 00 00 00 00 00 00


Registers:
RAX=0x0000000000000001, RBX=0x00007f32c002b800, RCX=0x0000000000000000, RDX=0x0000000000000000
RSP=0x00007f32c51fe4d0, RBP=0x00007f32c51fe500, RSI=0x0000000000000000, RDI=0x00007f32c00294f0
R8 =0x00007f32c002b800, R9 =0x00007f329cef5df8, R10=0x00007f329cef5110, R11=0x0000000000000004
R12=0x00007f32c51fe580, R13=0x0000000000010000, R14=0x00007f32c51fe610, R15=0x00007f32c00fe920
RIP=0x00007f32c5ad3b44, EFLAGS=0x0000000000010206, CSGSFS=0x002b000000000033, ERR=0x0000000000000004
  TRAPNO=0x000000000000000e

Top of Stack: (sp=0x00007f32c51fe4d0)
0x00007f32c51fe4d0:   00007f32c51fe500 00007f32c002b800
0x00007f32c51fe4e0:   00007f32c51fe610 00007f32c51fe580
0x00007f32c51fe4f0:   00007f32c51fe650 00007f32c51fe620
0x00007f32c51fe500:   00007f32c51fe5f0 00007f32c5ad5fd4 

Instructions: (pc=0x00007f32c5ad3b44)
0x00007f32c5ad3a44:   50 28 48 39 ca 0f 85 51 02 00 00 48 89 df ff 90
0x00007f32c5ad3a54:   80 00 00 00 84 c0 0f 84 08 02 00 00 4d 89 7c 24
0x00007f32c5ad3a64:   38 48 89 df e8 f3 b0 0a 00 49 89 c7 48 8d 05 5c
0x00007f32c5ad3a74:   d7 c6 00 c7 83 c0 03 00 00 07 00 00 00 80 38 00
0x00007f32c5ad3a84:   75 0c 48 8d 05 bf b7 cc 00 83 38 01 74 30 48 8d
0x00007f32c5ad3a94:   05 39 d7 c6 00 80 38 00 0f 85 4e 01 00 00 48 8d
0x00007f32c5ad3aa4:   15 a7 b7 cc 00 48 89 d8 48 c1 e8 04 23 02 48 8d
0x00007f32c5ad3ab4:   15 9f b7 cc 00 48 03 02 c7 00 01 00 00 00 48 8d
0x00007f32c5ad3ac4:   05 57 1e cd 00 83 38 01 0f 84 33 01 00 00 48 8d
0x00007f32c5ad3ad4:   05 93 1d cd 00 8b 00 85 c0 74 08 48 89 df e8 69
0x00007f32c5ad3ae4:   62 46 00 8b 83 b0 03 00 00 c7 83 c0 03 00 00 08
0x00007f32c5ad3af4:   00 00 00 85 c0 75 25 8b 83 d8 00 00 00 a9 00 00
0x00007f32c5ad3b04:   00 20 75 18 8b 93 d8 00 00 00 b8 01 00 00 00 83
0x00007f32c5ad3b14:   e2 04 74 1d 0f 1f 84 00 00 00 00 00 be 01 00 00
0x00007f32c5ad3b24:   00 48 89 df e8 a3 60 60 00 48 83 7b 08 00 0f 94
0x00007f32c5ad3b34:   c0 49 8b 16 49 89 54 24 10 31 d2 4d 85 ed 74 04
0x00007f32c5ad3b44:   49 8b 55 00 49 89 54 24 18 49 89 1c 24 48 8b 93
0x00007f32c5ad3b54:   e0 00 00 00 49 8b 4c 24 20 49 89 54 24 08 48 8b
0x00007f32c5ad3b64:   93 28 03 00 00 48 39 d1 74 09 49 c7 44 24 20 00
0x00007f32c5ad3b74:   00 00 00 48 8b 93 38 03 00 00 84 c0 49 89 54 24
0x00007f32c5ad3b84:   30 48 8b 93 30 03 00 00 49 89 54 24 28 48 8b 93
0x00007f32c5ad3b94:   28 03 00 00 49 89 54 24 20 48 c7 83 28 03 00 00
0x00007f32c5ad3ba4:   00 00 00 00 48 c7 83 38 03 00 00 00 00 00 00 48
0x00007f32c5ad3bb4:   c7 83 30 03 00 00 00 00 00 00 49 8b 14 24 4c 89
0x00007f32c5ad3bc4:   ba e0 00 00 00 74 09 49 8b 3c 24 e8 ec 74 eb ff
0x00007f32c5ad3bd4:   49 8b 44 24 20 48 83 c4 08 5b 41 5c 41 5d 41 5e
0x00007f32c5ad3be4:   41 5f 5d c3 0f 1f 84 00 00 00 00 00 f0 83 04 24
0x00007f32c5ad3bf4:   00 48 8d 05 24 1d cd 00 83 38 01 0f 85 cd fe ff
0x00007f32c5ad3c04:   ff 48 8b 83 08 01 00 00 a8 08 0f 84 d3 fe ff ff
0x00007f32c5ad3c14:   48 8d 05 51 1c cd 00 8b 00 85 c0 0f 85 c3 00 00
0x00007f32c5ad3c24:   00 48 8b 83 60 04 00 00 48 85 c0 0f 84 b2 fe ff
0x00007f32c5ad3c34:   ff 80 bb 88 04 00 00 00 0f 85 a5 fe ff ff 48 8d 


Stack slot to memory mapping:
stack at sp + 0 slots: 0x00007f32c51fe500 is pointing into the stack for thread: 0x00007f32c002b800
stack at sp + 1 slots: 0x00007f32c002b800 is a thread
stack at sp + 2 slots: 0x00007f32c51fe610 is pointing into the stack for thread: 0x00007f32c002b800
stack at sp + 3 slots: 0x00007f32c51fe580 is pointing into the stack for thread: 0x00007f32c002b800
stack at sp + 4 slots: 0x00007f32c51fe650 is pointing into the stack for thread: 0x00007f32c002b800
stack at sp + 5 slots: 0x00007f32c51fe620 is pointing into the stack for thread: 0x00007f32c002b800
stack at sp + 6 slots: 0x00007f32c51fe5f0 is pointing into the stack for thread: 0x00007f32c002b800
stack at sp + 7 slots: 0x00007f32c5ad5fd4: <offset 0x00000000008d5fd4> in /home/alexander/.vscode/extensions/valentjn.vscode-ltex-13.1.0/lib/ltex-ls-15.2.0/jdk-11.0.12+7/lib/server/libjvm.so at 0x00007f32c5200000


---------------  P R O C E S S  ---------------

Threads class SMR info:
_java_thread_list=0x00007f32c011f2d0, length=1, elements={
0x00007f32c002b800
}

Java Threads: ( => current thread )
=>0x00007f32c002b800 JavaThread "Unknown thread" [_thread_in_Java, id=114619, stack(0x00007f32c5100000,0x00007f32c5200000)]

Other Threads:
  0x00007f32c011f800 VMThread "VM Thread" [stack: 0x00007f329cdf5000,0x00007f329cef5000] [id=114625]
  0x00007f32c0045800 GCTaskThread "GC Thread#0" [stack: 0x00007f32c4900000,0x00007f32c4a00000] [id=114620]
  0x00007f32c0057000 ConcurrentGCThread "G1 Main Marker" [stack: 0x00007f32ac7d7000,0x00007f32ac8d7000] [id=114621]
  0x00007f32c0059000 ConcurrentGCThread "G1 Conc#0" [stack: 0x00007f32ac6d5000,0x00007f32ac7d5000] [id=114622]
  0x00007f32c00c2800 ConcurrentGCThread "G1 Refine#0" [stack: 0x00007f329d7f9000,0x00007f329d8f9000] [id=114623]
  0x00007f32c00c4800 ConcurrentGCThread "G1 Young RemSet Sampling" [stack: 0x00007f329d6f7000,0x00007f329d7f7000] [id=114624]

Threads with active compile tasks:

VM state:not at safepoint (normal execution)

VM Mutex/Monitor currently owned by a thread: None

Heap address: 0x00000000e0000000, size: 512 MB, Compressed Oops mode: 32-bit
Narrow klass base: 0x0000000000000000, Narrow klass shift: 3
Compressed class space size: 1073741824 Address: 0x0000000100000000

Heap:
 garbage-first heap   total 65536K, used 0K [0x00000000e0000000, 0x0000000100000000)
  region size 1024K, 1 young (1024K), 0 survivors (0K)
 Metaspace       used 993K, capacity 4480K, committed 4480K, reserved 1056768K
  class space    used 86K, capacity 384K, committed 384K, reserved 1048576K
Heap Regions: E=young(eden), S=young(survivor), O=old, HS=humongous(starts), HC=humongous(continues), CS=collection set, F=free, A=archive, TAMS=top-at-mark-start (previous, next)
|   0|0x00000000e0000000, 0x00000000e0000000, 0x00000000e0100000|  0%| F|  |TAMS 0x00000000e0000000, 0x00000000e0000000| Untracked 
|   1|0x00000000e0100000, 0x00000000e0100000, 0x00000000e0200000|  0%| F|  |TAMS 0x00000000e0100000, 0x00000000e0100000| Untracked 
|   2|0x00000000e0200000, 0x00000000e0200000, 0x00000000e0300000|  0%| F|  |TAMS 0x00000000e0200000, 0x00000000e0200000| Untracked 
|   3|0x00000000e0300000, 0x00000000e0300000, 0x00000000e0400000|  0%| F|  |TAMS 0x00000000e0300000, 0x00000000e0300000| Untracked 
|   4|0x00000000e0400000, 0x00000000e0400000, 0x00000000e0500000|  0%| F|  |TAMS 0x00000000e0400000, 0x00000000e0400000| Untracked 
|   5|0x00000000e0500000, 0x00000000e0500000, 0x00000000e0600000|  0%| F|  |TAMS 0x00000000e0500000, 0x00000000e0500000| Untracked 
|   6|0x00000000e0600000, 0x00000000e0600000, 0x00000000e0700000|  0%| F|  |TAMS 0x00000000e0600000, 0x00000000e0600000| Untracked 
|   7|0x00000000e0700000, 0x00000000e0700000, 0x00000000e0800000|  0%| F|  |TAMS 0x00000000e0700000, 0x00000000e0700000| Untracked 
|   8|0x00000000e0800000, 0x00000000e0800000, 0x00000000e0900000|  0%| F|  |TAMS 0x00000000e0800000, 0x00000000e0800000| Untracked 
|   9|0x00000000e0900000, 0x00000000e0900000, 0x00000000e0a00000|  0%| F|  |TAMS 0x00000000e0900000, 0x00000000e0900000| Untracked 
|  10|0x00000000e0a00000, 0x00000000e0a00000, 0x00000000e0b00000|  0%| F|  |TAMS 0x00000000e0a00000, 0x00000000e0a00000| Untracked 
|  11|0x00000000e0b00000, 0x00000000e0b00000, 0x00000000e0c00000|  0%| F|  |TAMS 0x00000000e0b00000, 0x00000000e0b00000| Untracked 
|  12|0x00000000e0c00000, 0x00000000e0c00000, 0x00000000e0d00000|  0%| F|  |TAMS 0x00000000e0c00000, 0x00000000e0c00000| Untracked 
|  13|0x00000000e0d00000, 0x00000000e0d00000, 0x00000000e0e00000|  0%| F|  |TAMS 0x00000000e0d00000, 0x00000000e0d00000| Untracked 
|  14|0x00000000e0e00000, 0x00000000e0e00000, 0x00000000e0f00000|  0%| F|  |TAMS 0x00000000e0e00000, 0x00000000e0e00000| Untracked 
|  15|0x00000000e0f00000, 0x00000000e0f00000, 0x00000000e1000000|  0%| F|  |TAMS 0x00000000e0f00000, 0x00000000e0f00000| Untracked 
|  16|0x00000000e1000000, 0x00000000e1000000, 0x00000000e1100000|  0%| F|  |TAMS 0x00000000e1000000, 0x00000000e1000000| Untracked 
|  17|0x00000000e1100000, 0x00000000e1100000, 0x00000000e1200000|  0%| F|  |TAMS 0x00000000e1100000, 0x00000000e1100000| Untracked 
|  18|0x00000000e1200000, 0x00000000e1200000, 0x00000000e1300000|  0%| F|  |TAMS 0x00000000e1200000, 0x00000000e1200000| Untracked 
|  19|0x00000000e1300000, 0x00000000e1300000, 0x00000000e1400000|  0%| F|  |TAMS 0x00000000e1300000, 0x00000000e1300000| Untracked 
|  20|0x00000000e1400000, 0x00000000e1400000, 0x00000000e1500000|  0%| F|  |TAMS 0x00000000e1400000, 0x00000000e1400000| Untracked 
|  21|0x00000000e1500000, 0x00000000e1500000, 0x00000000e1600000|  0%| F|  |TAMS 0x00000000e1500000, 0x00000000e1500000| Untracked 
|  22|0x00000000e1600000, 0x00000000e1600000, 0x00000000e1700000|  0%| F|  |TAMS 0x00000000e1600000, 0x00000000e1600000| Untracked 
|  23|0x00000000e1700000, 0x00000000e1700000, 0x00000000e1800000|  0%| F|  |TAMS 0x00000000e1700000, 0x00000000e1700000| Untracked 
|  24|0x00000000e1800000, 0x00000000e1800000, 0x00000000e1900000|  0%| F|  |TAMS 0x00000000e1800000, 0x00000000e1800000| Untracked 
|  25|0x00000000e1900000, 0x00000000e1900000, 0x00000000e1a00000|  0%| F|  |TAMS 0x00000000e1900000, 0x00000000e1900000| Untracked 
|  26|0x00000000e1a00000, 0x00000000e1a00000, 0x00000000e1b00000|  0%| F|  |TAMS 0x00000000e1a00000, 0x00000000e1a00000| Untracked 
|  27|0x00000000e1b00000, 0x00000000e1b00000, 0x00000000e1c00000|  0%| F|  |TAMS 0x00000000e1b00000, 0x00000000e1b00000| Untracked 
|  28|0x00000000e1c00000, 0x00000000e1c00000, 0x00000000e1d00000|  0%| F|  |TAMS 0x00000000e1c00000, 0x00000000e1c00000| Untracked 
|  29|0x00000000e1d00000, 0x00000000e1d00000, 0x00000000e1e00000|  0%| F|  |TAMS 0x00000000e1d00000, 0x00000000e1d00000| Untracked 
|  30|0x00000000e1e00000, 0x00000000e1e00000, 0x00000000e1f00000|  0%| F|  |TAMS 0x00000000e1e00000, 0x00000000e1e00000| Untracked 
|  31|0x00000000e1f00000, 0x00000000e1f00000, 0x00000000e2000000|  0%| F|  |TAMS 0x00000000e1f00000, 0x00000000e1f00000| Untracked 
|  32|0x00000000e2000000, 0x00000000e2000000, 0x00000000e2100000|  0%| F|  |TAMS 0x00000000e2000000, 0x00000000e2000000| Untracked 
|  33|0x00000000e2100000, 0x00000000e2100000, 0x00000000e2200000|  0%| F|  |TAMS 0x00000000e2100000, 0x00000000e2100000| Untracked 
|  34|0x00000000e2200000, 0x00000000e2200000, 0x00000000e2300000|  0%| F|  |TAMS 0x00000000e2200000, 0x00000000e2200000| Untracked 
|  35|0x00000000e2300000, 0x00000000e2300000, 0x00000000e2400000|  0%| F|  |TAMS 0x00000000e2300000, 0x00000000e2300000| Untracked 
|  36|0x00000000e2400000, 0x00000000e2400000, 0x00000000e2500000|  0%| F|  |TAMS 0x00000000e2400000, 0x00000000e2400000| Untracked 
|  37|0x00000000e2500000, 0x00000000e2500000, 0x00000000e2600000|  0%| F|  |TAMS 0x00000000e2500000, 0x00000000e2500000| Untracked 
|  38|0x00000000e2600000, 0x00000000e2600000, 0x00000000e2700000|  0%| F|  |TAMS 0x00000000e2600000, 0x00000000e2600000| Untracked 
|  39|0x00000000e2700000, 0x00000000e2700000, 0x00000000e2800000|  0%| F|  |TAMS 0x00000000e2700000, 0x00000000e2700000| Untracked 
|  40|0x00000000e2800000, 0x00000000e2800000, 0x00000000e2900000|  0%| F|  |TAMS 0x00000000e2800000, 0x00000000e2800000| Untracked 
|  41|0x00000000e2900000, 0x00000000e2900000, 0x00000000e2a00000|  0%| F|  |TAMS 0x00000000e2900000, 0x00000000e2900000| Untracked 
|  42|0x00000000e2a00000, 0x00000000e2a00000, 0x00000000e2b00000|  0%| F|  |TAMS 0x00000000e2a00000, 0x00000000e2a00000| Untracked 
|  43|0x00000000e2b00000, 0x00000000e2b00000, 0x00000000e2c00000|  0%| F|  |TAMS 0x00000000e2b00000, 0x00000000e2b00000| Untracked 
|  44|0x00000000e2c00000, 0x00000000e2c00000, 0x00000000e2d00000|  0%| F|  |TAMS 0x00000000e2c00000, 0x00000000e2c00000| Untracked 
|  45|0x00000000e2d00000, 0x00000000e2d00000, 0x00000000e2e00000|  0%| F|  |TAMS 0x00000000e2d00000, 0x00000000e2d00000| Untracked 
|  46|0x00000000e2e00000, 0x00000000e2e00000, 0x00000000e2f00000|  0%| F|  |TAMS 0x00000000e2e00000, 0x00000000e2e00000| Untracked 
|  47|0x00000000e2f00000, 0x00000000e2f00000, 0x00000000e3000000|  0%| F|  |TAMS 0x00000000e2f00000, 0x00000000e2f00000| Untracked 
|  48|0x00000000e3000000, 0x00000000e3000000, 0x00000000e3100000|  0%| F|  |TAMS 0x00000000e3000000, 0x00000000e3000000| Untracked 
|  49|0x00000000e3100000, 0x00000000e3100000, 0x00000000e3200000|  0%| F|  |TAMS 0x00000000e3100000, 0x00000000e3100000| Untracked 
|  50|0x00000000e3200000, 0x00000000e3200000, 0x00000000e3300000|  0%| F|  |TAMS 0x00000000e3200000, 0x00000000e3200000| Untracked 
|  51|0x00000000e3300000, 0x00000000e3300000, 0x00000000e3400000|  0%| F|  |TAMS 0x00000000e3300000, 0x00000000e3300000| Untracked 
|  52|0x00000000e3400000, 0x00000000e3400000, 0x00000000e3500000|  0%| F|  |TAMS 0x00000000e3400000, 0x00000000e3400000| Untracked 
|  53|0x00000000e3500000, 0x00000000e3500000, 0x00000000e3600000|  0%| F|  |TAMS 0x00000000e3500000, 0x00000000e3500000| Untracked 
|  54|0x00000000e3600000, 0x00000000e3600000, 0x00000000e3700000|  0%| F|  |TAMS 0x00000000e3600000, 0x00000000e3600000| Untracked 
|  55|0x00000000e3700000, 0x00000000e3700000, 0x00000000e3800000|  0%| F|  |TAMS 0x00000000e3700000, 0x00000000e3700000| Untracked 
|  56|0x00000000e3800000, 0x00000000e3800000, 0x00000000e3900000|  0%| F|  |TAMS 0x00000000e3800000, 0x00000000e3800000| Untracked 
|  57|0x00000000e3900000, 0x00000000e3900000, 0x00000000e3a00000|  0%| F|  |TAMS 0x00000000e3900000, 0x00000000e3900000| Untracked 
|  58|0x00000000e3a00000, 0x00000000e3a00000, 0x00000000e3b00000|  0%| F|  |TAMS 0x00000000e3a00000, 0x00000000e3a00000| Untracked 
|  59|0x00000000e3b00000, 0x00000000e3b00000, 0x00000000e3c00000|  0%| F|  |TAMS 0x00000000e3b00000, 0x00000000e3b00000| Untracked 
|  60|0x00000000e3c00000, 0x00000000e3c00000, 0x00000000e3d00000|  0%| F|  |TAMS 0x00000000e3c00000, 0x00000000e3c00000| Untracked 
|  61|0x00000000e3d00000, 0x00000000e3d00000, 0x00000000e3e00000|  0%| F|  |TAMS 0x00000000e3d00000, 0x00000000e3d00000| Untracked 
|  62|0x00000000e3e00000, 0x00000000e3e00000, 0x00000000e3f00000|  0%| F|  |TAMS 0x00000000e3e00000, 0x00000000e3e00000| Untracked 
|  63|0x00000000e3f00000, 0x00000000e3f7ae20, 0x00000000e4000000| 48%| E|  |TAMS 0x00000000e3f00000, 0x00000000e3f00000| Complete 

Card table byte_map: [0x00007f32ad9d7000,0x00007f32adad7000] _byte_map_base: 0x00007f32ad2d7000

Marking Bits (Prev, Next): (CMBitMap*) 0x00007f32c00540a8, (CMBitMap*) 0x00007f32c00540e0
 Prev Bits: [0x00007f32ad0d7000, 0x00007f32ad8d7000)
 Next Bits: [0x00007f32ac8d7000, 0x00007f32ad0d7000)

Polling page: 0x00007f32c6d62000

Metaspace:

Usage:
  Non-class:      4.00 MB capacity,   906.59 KB ( 22%) used,     3.11 MB ( 78%) free+waste,    64 bytes ( <1%) overhead. 
      Class:    384.00 KB capacity,    86.41 KB ( 23%) used,   297.52 KB ( 77%) free+waste,    64 bytes ( <1%) overhead. 
       Both:      4.38 MB capacity,   993.00 KB ( 22%) used,     3.41 MB ( 78%) free+waste,   128 bytes ( <1%) overhead. 

Virtual space:
  Non-class space:        8.00 MB reserved,       4.00 MB ( 50%) committed 
      Class space:        1.00 GB reserved,     384.00 KB ( <1%) committed 
             Both:        1.01 GB reserved,       4.38 MB ( <1%) committed 

Chunk freelists:
   Non-Class:  0 bytes
       Class:  0 bytes
        Both:  0 bytes

MaxMetaspaceSize: unlimited
CompressedClassSpaceSize: 1.00 GB
Initial GC threshold: 20.80 MB
Current GC threshold: 17179869184.00 GB
CDS: off

CodeHeap 'non-profiled nmethods': size=119172Kb used=0Kb max_used=0Kb free=119172Kb
 bounds [0x00007f32b6281000, 0x00007f32b64f1000, 0x00007f32bd6e2000]
CodeHeap 'profiled nmethods': size=119168Kb used=0Kb max_used=0Kb free=119168Kb
 bounds [0x00007f32aee21000, 0x00007f32af091000, 0x00007f32b6281000]
CodeHeap 'non-nmethods': size=7420Kb used=303Kb max_used=303Kb free=7116Kb
 bounds [0x00007f32ae6e2000, 0x00007f32ae952000, 0x00007f32aee21000]
 total_blobs=81 nmethods=0 adapters=57
 compilation: enabled
              stopped_count=0, restarted_count=0
 full_count=0

Compilation events (0 events):
No events

GC Heap History (0 events):
No events

Deoptimization events (0 events):
No events

Classes redefined (0 events):
No events

Internal exceptions (0 events):
No events

Events (20 events):
Event: 0.031 loading class java/lang/Number
Event: 0.031 loading class java/lang/Number done
Event: 0.031 loading class java/lang/Float done
Event: 0.031 loading class java/lang/Double
Event: 0.031 loading class java/lang/Double done
Event: 0.031 loading class java/lang/Byte
Event: 0.031 loading class java/lang/Byte done
Event: 0.031 loading class java/lang/Short
Event: 0.031 loading class java/lang/Short done
Event: 0.031 loading class java/lang/Integer
Event: 0.031 loading class java/lang/Integer done
Event: 0.031 loading class java/lang/Long
Event: 0.031 loading class java/lang/Long done
Event: 0.031 loading class java/util/Iterator
Event: 0.031 loading class java/util/Iterator done
Event: 0.031 loading class java/lang/NullPointerException
Event: 0.031 loading class java/lang/NullPointerException done
Event: 0.031 loading class java/lang/ArithmeticException
Event: 0.031 loading class java/lang/ArithmeticException done
Event: 0.032 Thread 0x00007f32c002b800 Thread added: 0x00007f32c002b800


Dynamic libraries:
e0000000-e4000000 rw-p 00000000 00:00 0 
e4000000-100000000 ---p 00000000 00:00 0 
100000000-100060000 rw-p 00000000 00:00 0 
100060000-140000000 ---p 00000000 00:00 0 
562a60600000-562a60601000 r-xp 00000000 103:03 2885778                   /home/alexander/.vscode/extensions/valentjn.vscode-ltex-13.1.0/lib/ltex-ls-15.2.0/jdk-11.0.12+7/bin/java
562a60801000-562a60802000 r--p 00001000 103:03 2885778                   /home/alexander/.vscode/extensions/valentjn.vscode-ltex-13.1.0/lib/ltex-ls-15.2.0/jdk-11.0.12+7/bin/java
562a60802000-562a60803000 rw-p 00002000 103:03 2885778                   /home/alexander/.vscode/extensions/valentjn.vscode-ltex-13.1.0/lib/ltex-ls-15.2.0/jdk-11.0.12+7/bin/java
562a62112000-562a62154000 rw-p 00000000 00:00 0                          [heap]
7f3290000000-7f3290021000 rw-p 00000000 00:00 0 
7f3290021000-7f3294000000 ---p 00000000 00:00 0 
7f3294000000-7f3294021000 rw-p 00000000 00:00 0 
7f3294021000-7f3298000000 ---p 00000000 00:00 0 
7f3298000000-7f3298021000 rw-p 00000000 00:00 0 
7f3298021000-7f329c000000 ---p 00000000 00:00 0 
7f329ca38000-7f329cdf3000 rw-p 00000000 00:00 0 
7f329cdf3000-7f329cdf4000 ---p 00000000 00:00 0 
7f329cdf4000-7f329d2f5000 rw-p 00000000 00:00 0 
7f329d2f5000-7f329d6f5000 ---p 00000000 00:00 0 
7f329d6f5000-7f329d6f6000 ---p 00000000 00:00 0 
7f329d6f6000-7f329d7f7000 rw-p 00000000 00:00 0 
7f329d7f7000-7f329d7f8000 ---p 00000000 00:00 0 
7f329d7f8000-7f32a0000000 rw-p 00000000 00:00 0 
7f32a0000000-7f32a0021000 rw-p 00000000 00:00 0 
7f32a0021000-7f32a4000000 ---p 00000000 00:00 0 
7f32a4000000-7f32a4021000 rw-p 00000000 00:00 0 
7f32a4021000-7f32a8000000 ---p 00000000 00:00 0 
7f32a8000000-7f32a8021000 rw-p 00000000 00:00 0 
7f32a8021000-7f32ac000000 ---p 00000000 00:00 0 
7f32ac0cd000-7f32ac6d3000 rw-p 00000000 00:00 0 
7f32ac6d3000-7f32ac6d4000 ---p 00000000 00:00 0 
7f32ac6d4000-7f32ac7d5000 rw-p 00000000 00:00 0 
7f32ac7d5000-7f32ac7d6000 ---p 00000000 00:00 0 
7f32ac7d6000-7f32ac9d7000 rw-p 00000000 00:00 0 
7f32ac9d7000-7f32ad0d7000 ---p 00000000 00:00 0 
7f32ad0d7000-7f32ad1d7000 rw-p 00000000 00:00 0 
7f32ad1d7000-7f32ad8d7000 ---p 00000000 00:00 0 
7f32ad8d7000-7f32ad8f7000 rw-p 00000000 00:00 0 
7f32ad8f7000-7f32ad9d7000 ---p 00000000 00:00 0 
7f32ad9d7000-7f32ad9f7000 rw-p 00000000 00:00 0 
7f32ad9f7000-7f32adad7000 ---p 00000000 00:00 0 
7f32adad7000-7f32adaf7000 rw-p 00000000 00:00 0 
7f32adaf7000-7f32adbd7000 ---p 00000000 00:00 0 
7f32adbd7000-7f32ae6e2000 rw-p 00000000 00:00 0 
7f32ae6e2000-7f32ae952000 rwxp 00000000 00:00 0 
7f32ae952000-7f32aee21000 ---p 00000000 00:00 0 
7f32aee21000-7f32af091000 rwxp 00000000 00:00 0 
7f32af091000-7f32b6281000 ---p 00000000 00:00 0 
7f32b6281000-7f32b64f1000 rwxp 00000000 00:00 0 
7f32b64f1000-7f32bd6e2000 ---p 00000000 00:00 0 
7f32bd6e2000-7f32c0000000 r--s 00000000 103:03 2886100                   /home/alexander/.vscode/extensions/valentjn.vscode-ltex-13.1.0/lib/ltex-ls-15.2.0/jdk-11.0.12+7/lib/modules
7f32c0000000-7f32c012c000 rw-p 00000000 00:00 0 
7f32c012c000-7f32c4000000 ---p 00000000 00:00 0 
7f32c40ff000-7f32c4200000 rw-p 00000000 00:00 0 
7f32c4200000-7f32c4207000 r-xp 00000000 103:03 2886099                   /home/alexander/.vscode/extensions/valentjn.vscode-ltex-13.1.0/lib/ltex-ls-15.2.0/jdk-11.0.12+7/lib/libzip.so
7f32c4207000-7f32c4406000 ---p 00007000 103:03 2886099                   /home/alexander/.vscode/extensions/valentjn.vscode-ltex-13.1.0/lib/ltex-ls-15.2.0/jdk-11.0.12+7/lib/libzip.so
7f32c4406000-7f32c4407000 r--p 00006000 103:03 2886099                   /home/alexander/.vscode/extensions/valentjn.vscode-ltex-13.1.0/lib/ltex-ls-15.2.0/jdk-11.0.12+7/lib/libzip.so
7f32c4407000-7f32c4408000 rw-p 00007000 103:03 2886099                   /home/alexander/.vscode/extensions/valentjn.vscode-ltex-13.1.0/lib/ltex-ls-15.2.0/jdk-11.0.12+7/lib/libzip.so
7f32c44ff000-7f32c4600000 rw-p 00000000 00:00 0 
7f32c4600000-7f32c461b000 r-xp 00000000 103:03 2886082                   /home/alexander/.vscode/extensions/valentjn.vscode-ltex-13.1.0/lib/ltex-ls-15.2.0/jdk-11.0.12+7/lib/libjimage.so
7f32c461b000-7f32c481a000 ---p 0001b000 103:03 2886082                   /home/alexander/.vscode/extensions/valentjn.vscode-ltex-13.1.0/lib/ltex-ls-15.2.0/jdk-11.0.12+7/lib/libjimage.so
7f32c481a000-7f32c481c000 r--p 0001a000 103:03 2886082                   /home/alexander/.vscode/extensions/valentjn.vscode-ltex-13.1.0/lib/ltex-ls-15.2.0/jdk-11.0.12+7/lib/libjimage.so
7f32c481c000-7f32c481d000 rw-p 0001c000 103:03 2886082                   /home/alexander/.vscode/extensions/valentjn.vscode-ltex-13.1.0/lib/ltex-ls-15.2.0/jdk-11.0.12+7/lib/libjimage.so
7f32c4822000-7f32c48fe000 rw-p 00000000 00:00 0 
7f32c48fe000-7f32c48ff000 ---p 00000000 00:00 0 
7f32c48ff000-7f32c4a00000 rw-p 00000000 00:00 0 
7f32c4a00000-7f32c4a29000 r-xp 00000000 103:03 2886078                   /home/alexander/.vscode/extensions/valentjn.vscode-ltex-13.1.0/lib/ltex-ls-15.2.0/jdk-11.0.12+7/lib/libjava.so
7f32c4a29000-7f32c4c28000 ---p 00029000 103:03 2886078                   /home/alexander/.vscode/extensions/valentjn.vscode-ltex-13.1.0/lib/ltex-ls-15.2.0/jdk-11.0.12+7/lib/libjava.so
7f32c4c28000-7f32c4c29000 r--p 00028000 103:03 2886078                   /home/alexander/.vscode/extensions/valentjn.vscode-ltex-13.1.0/lib/ltex-ls-15.2.0/jdk-11.0.12+7/lib/libjava.so
7f32c4c29000-7f32c4c2a000 rw-p 00029000 103:03 2886078                   /home/alexander/.vscode/extensions/valentjn.vscode-ltex-13.1.0/lib/ltex-ls-15.2.0/jdk-11.0.12+7/lib/libjava.so
7f32c4c2a000-7f32c4c2b000 rw-p 00000000 00:00 0 
7f32c4c7b000-7f32c4d1c000 rw-p 00000000 00:00 0 
7f32c4d1c000-7f32c4e00000 ---p 00000000 00:00 0 
7f32c4e00000-7f32c4e0d000 r-xp 00000000 103:03 2886098                   /home/alexander/.vscode/extensions/valentjn.vscode-ltex-13.1.0/lib/ltex-ls-15.2.0/jdk-11.0.12+7/lib/libverify.so
7f32c4e0d000-7f32c500c000 ---p 0000d000 103:03 2886098                   /home/alexander/.vscode/extensions/valentjn.vscode-ltex-13.1.0/lib/ltex-ls-15.2.0/jdk-11.0.12+7/lib/libverify.so
7f32c500c000-7f32c500e000 r--p 0000c000 103:03 2886098                   /home/alexander/.vscode/extensions/valentjn.vscode-ltex-13.1.0/lib/ltex-ls-15.2.0/jdk-11.0.12+7/lib/libverify.so
7f32c500e000-7f32c500f000 rw-p 0000e000 103:03 2886098                   /home/alexander/.vscode/extensions/valentjn.vscode-ltex-13.1.0/lib/ltex-ls-15.2.0/jdk-11.0.12+7/lib/libverify.so
7f32c5017000-7f32c501c000 rw-p 00000000 00:00 0 
7f32c501c000-7f32c5100000 ---p 00000000 00:00 0 
7f32c5100000-7f32c5104000 ---p 00000000 00:00 0 
7f32c5104000-7f32c5200000 rw-p 00000000 00:00 0 
7f32c5200000-7f32c6477000 r-xp 00000000 103:03 2886111                   /home/alexander/.vscode/extensions/valentjn.vscode-ltex-13.1.0/lib/ltex-ls-15.2.0/jdk-11.0.12+7/lib/server/libjvm.so
7f32c6477000-7f32c6676000 ---p 01277000 103:03 2886111                   /home/alexander/.vscode/extensions/valentjn.vscode-ltex-13.1.0/lib/ltex-ls-15.2.0/jdk-11.0.12+7/lib/server/libjvm.so
7f32c6676000-7f32c673b000 r--p 01276000 103:03 2886111                   /home/alexander/.vscode/extensions/valentjn.vscode-ltex-13.1.0/lib/ltex-ls-15.2.0/jdk-11.0.12+7/lib/server/libjvm.so
7f32c673b000-7f32c6776000 rw-p 0133b000 103:03 2886111                   /home/alexander/.vscode/extensions/valentjn.vscode-ltex-13.1.0/lib/ltex-ls-15.2.0/jdk-11.0.12+7/lib/server/libjvm.so
7f32c6776000-7f32c67cd000 rw-p 00000000 00:00 0 
7f32c67d8000-7f32c6800000 r--p 00000000 103:02 2492513                   /usr/lib/x86_64-linux-gnu/libc.so.6
7f32c6800000-7f32c6995000 r-xp 00028000 103:02 2492513                   /usr/lib/x86_64-linux-gnu/libc.so.6
7f32c6995000-7f32c69ed000 r--p 001bd000 103:02 2492513                   /usr/lib/x86_64-linux-gnu/libc.so.6
7f32c69ed000-7f32c69f1000 r--p 00214000 103:02 2492513                   /usr/lib/x86_64-linux-gnu/libc.so.6
7f32c69f1000-7f32c69f3000 rw-p 00218000 103:02 2492513                   /usr/lib/x86_64-linux-gnu/libc.so.6
7f32c69f3000-7f32c6a00000 rw-p 00000000 00:00 0 
7f32c6a00000-7f32c6a10000 r-xp 00000000 103:03 2886062                   /home/alexander/.vscode/extensions/valentjn.vscode-ltex-13.1.0/lib/ltex-ls-15.2.0/jdk-11.0.12+7/lib/jli/libjli.so
7f32c6a10000-7f32c6c0f000 ---p 00010000 103:03 2886062                   /home/alexander/.vscode/extensions/valentjn.vscode-ltex-13.1.0/lib/ltex-ls-15.2.0/jdk-11.0.12+7/lib/jli/libjli.so
7f32c6c0f000-7f32c6c10000 r--p 0000f000 103:03 2886062                   /home/alexander/.vscode/extensions/valentjn.vscode-ltex-13.1.0/lib/ltex-ls-15.2.0/jdk-11.0.12+7/lib/jli/libjli.so
7f32c6c10000-7f32c6c11000 rw-p 00010000 103:03 2886062                   /home/alexander/.vscode/extensions/valentjn.vscode-ltex-13.1.0/lib/ltex-ls-15.2.0/jdk-11.0.12+7/lib/jli/libjli.so
7f32c6c28000-7f32c6c2d000 rw-p 00000000 00:00 0 
7f32c6c2d000-7f32c6c37000 ---p 00000000 00:00 0 
7f32c6c37000-7f32c6c38000 r--p 00000000 103:02 2492553                   /usr/lib/x86_64-linux-gnu/librt.so.1
7f32c6c38000-7f32c6c39000 r-xp 00001000 103:02 2492553                   /usr/lib/x86_64-linux-gnu/librt.so.1
7f32c6c39000-7f32c6c3a000 r--p 00002000 103:02 2492553                   /usr/lib/x86_64-linux-gnu/librt.so.1
7f32c6c3a000-7f32c6c3b000 r--p 00002000 103:02 2492553                   /usr/lib/x86_64-linux-gnu/librt.so.1
7f32c6c3b000-7f32c6c3c000 rw-p 00003000 103:02 2492553                   /usr/lib/x86_64-linux-gnu/librt.so.1
7f32c6c3c000-7f32c6c4a000 r--p 00000000 103:02 2492521                   /usr/lib/x86_64-linux-gnu/libm.so.6
7f32c6c4a000-7f32c6cc6000 r-xp 0000e000 103:02 2492521                   /usr/lib/x86_64-linux-gnu/libm.so.6
7f32c6cc6000-7f32c6d21000 r--p 0008a000 103:02 2492521                   /usr/lib/x86_64-linux-gnu/libm.so.6
7f32c6d21000-7f32c6d22000 r--p 000e4000 103:02 2492521                   /usr/lib/x86_64-linux-gnu/libm.so.6
7f32c6d22000-7f32c6d23000 rw-p 000e5000 103:02 2492521                   /usr/lib/x86_64-linux-gnu/libm.so.6
7f32c6d23000-7f32c6d27000 rw-p 00000000 00:00 0 
7f32c6d27000-7f32c6d28000 r--p 00000000 103:02 2492517                   /usr/lib/x86_64-linux-gnu/libdl.so.2
7f32c6d28000-7f32c6d29000 r-xp 00001000 103:02 2492517                   /usr/lib/x86_64-linux-gnu/libdl.so.2
7f32c6d29000-7f32c6d2a000 r--p 00002000 103:02 2492517                   /usr/lib/x86_64-linux-gnu/libdl.so.2
7f32c6d2a000-7f32c6d2b000 r--p 00002000 103:02 2492517                   /usr/lib/x86_64-linux-gnu/libdl.so.2
7f32c6d2b000-7f32c6d2c000 rw-p 00003000 103:02 2492517                   /usr/lib/x86_64-linux-gnu/libdl.so.2
7f32c6d2c000-7f32c6d2d000 r--p 00000000 103:02 2492548                   /usr/lib/x86_64-linux-gnu/libpthread.so.0
7f32c6d2d000-7f32c6d2e000 r-xp 00001000 103:02 2492548                   /usr/lib/x86_64-linux-gnu/libpthread.so.0
7f32c6d2e000-7f32c6d2f000 r--p 00002000 103:02 2492548                   /usr/lib/x86_64-linux-gnu/libpthread.so.0
7f32c6d2f000-7f32c6d30000 r--p 00002000 103:02 2492548                   /usr/lib/x86_64-linux-gnu/libpthread.so.0
7f32c6d30000-7f32c6d31000 rw-p 00003000 103:02 2492548                   /usr/lib/x86_64-linux-gnu/libpthread.so.0
7f32c6d31000-7f32c6d33000 r--p 00000000 103:02 2498354                   /usr/lib/x86_64-linux-gnu/libz.so.1.2.11
7f32c6d33000-7f32c6d44000 r-xp 00002000 103:02 2498354                   /usr/lib/x86_64-linux-gnu/libz.so.1.2.11
7f32c6d44000-7f32c6d4a000 r--p 00013000 103:02 2498354                   /usr/lib/x86_64-linux-gnu/libz.so.1.2.11
7f32c6d4a000-7f32c6d4b000 ---p 00019000 103:02 2498354                   /usr/lib/x86_64-linux-gnu/libz.so.1.2.11
7f32c6d4b000-7f32c6d4c000 r--p 00019000 103:02 2498354                   /usr/lib/x86_64-linux-gnu/libz.so.1.2.11
7f32c6d4c000-7f32c6d4d000 rw-p 0001a000 103:02 2498354                   /usr/lib/x86_64-linux-gnu/libz.so.1.2.11
7f32c6d5a000-7f32c6d62000 rw-s 00000000 103:02 2752520                   /tmp/hsperfdata_alexander/114615
7f32c6d62000-7f32c6d63000 ---p 00000000 00:00 0 
7f32c6d63000-7f32c6d64000 r--p 00000000 00:00 0 
7f32c6d64000-7f32c6d66000 rw-p 00000000 00:00 0 
7f32c6d66000-7f32c6d68000 r--p 00000000 103:02 2492505                   /usr/lib/x86_64-linux-gnu/ld-linux-x86-64.so.2
7f32c6d68000-7f32c6d92000 r-xp 00002000 103:02 2492505                   /usr/lib/x86_64-linux-gnu/ld-linux-x86-64.so.2
7f32c6d92000-7f32c6d9d000 r--p 0002c000 103:02 2492505                   /usr/lib/x86_64-linux-gnu/ld-linux-x86-64.so.2
7f32c6d9e000-7f32c6da0000 r--p 00037000 103:02 2492505                   /usr/lib/x86_64-linux-gnu/ld-linux-x86-64.so.2
7f32c6da0000-7f32c6da2000 rw-p 00039000 103:02 2492505                   /usr/lib/x86_64-linux-gnu/ld-linux-x86-64.so.2
7ffdd9515000-7ffdd9536000 rw-p 00000000 00:00 0                          [stack]
7ffdd959c000-7ffdd95a0000 r--p 00000000 00:00 0                          [vvar]
7ffdd95a0000-7ffdd95a2000 r-xp 00000000 00:00 0                          [vdso]
ffffffffff600000-ffffffffff601000 --xp 00000000 00:00 0                  [vsyscall]


VM Arguments:
jvm_args: -Xms64m -Xmx512m -Dapp.name=ltex-ls -Dapp.pid=114615 -Dapp.repo=/home/alexander/.vscode/extensions/valentjn.vscode-ltex-13.1.0/lib/ltex-ls-15.2.0/lib -Dapp.home=/home/alexander/.vscode/extensions/valentjn.vscode-ltex-13.1.0/lib/ltex-ls-15.2.0 -Dbasedir=/home/alexander/.vscode/extensions/valentjn.vscode-ltex-13.1.0/lib/ltex-ls-15.2.0 
java_command: org.bsplines.ltexls.LtexLanguageServerLauncher
java_class_path (initial): /home/alexander/.vscode/extensions/valentjn.vscode-ltex-13.1.0/lib/ltex-ls-15.2.0/etc:/home/alexander/.vscode/extensions/valentjn.vscode-ltex-13.1.0/lib/ltex-ls-15.2.0/lib/languagetool-ga-dicts-0.02.jar:/home/alexander/.vscode/extensions/valentjn.vscode-ltex-13.1.0/lib/ltex-ls-15.2.0/lib/simpleclient-0.10.0.jar:/home/alexander/.vscode/extensions/valentjn.vscode-ltex-13.1.0/lib/ltex-ls-15.2.0/lib/org.eclipse.lsp4j.generator-0.12.0.jar:/home/alexander/.vscode/extensions/valentjn.vscode-ltex-13.1.0/lib/ltex-ls-15.2.0/lib/languagetool-core-5.5.jar:/home/alexander/.vscode/extensions/valentjn.vscode-ltex-13.1.0/lib/ltex-ls-15.2.0/lib/simpleclient_common-0.10.0.jar:/home/alexander/.vscode/extensions/valentjn.vscode-ltex-13.1.0/lib/ltex-ls-15.2.0/lib/language-ta-5.5.jar:/home/alexander/.vscode/extensions/valentjn.vscode-ltex-13.1.0/lib/ltex-ls-15.2.0/lib/commons-lang3-3.11.jar:/home/alexander/.vscode/extensions/valentjn.vscode-ltex-13.1.0/lib/ltex-ls-15.2.0/lib/resilience4j-micrometer-1.7.1.jar:/home/alexander/.vscode/extensions/valentjn.vscode-ltex-13.1.0/lib/ltex-ls-15.2.0/lib/istack-commons-runtime-3.0.5.jar:/home/alexander/.vscode/extensions/valentjn.vscode-ltex-13.1.0/lib/ltex-ls-15.2.0/lib/picocli-4.6.2.jar:/home/alexander/.vscode/extensions/valentjn.vscode-ltex-13.1.0/lib/ltex-ls-15.2.0/lib/checker-qual-3.5.0.jar:/home/alexander/.vscode/extensions/valentjn.vscode-ltex-13.1.0/lib/ltex-ls-15.2.0/lib/bridj-0.7.0.jar:/home/alexander/.vscode/extensions/valentjn.vscode-ltex-13.1.0/lib/ltex-ls-15.2.0/lib/language-km-5.5.jar:/home/alexander/.vscode/extensions/valentjn.vscode-ltex-13.1.0/lib/ltex-ls-15.2.0/lib/language-fr-5.5.jar:/home/alexander/.vscode/extensions/valentjn.vscode-ltex-13.1.0/lib/ltex-ls-15.2.0/lib/flexmark-ext-gfm-strikethrough-0.62.2.jar:/home/alexander/.vscode/extensions/valentjn.vscode-ltex-13.1.0/lib/ltex-ls-15.2.0/lib/json-20170516.jar:/home/alexander/.vscode/extensions/valentjn.vscode-ltex-13.1.0/lib/ltex-ls-15.2.0/lib/flexm
Launcher Type: SUN_STANDARD

[Global flags]
     intx CICompilerCount                          = 12                                        {product} {ergonomic}
     uint ConcGCThreads                            = 3                                         {product} {ergonomic}
     uint G1ConcRefinementThreads                  = 13                                        {product} {ergonomic}
   size_t G1HeapRegionSize                         = 1048576                                   {product} {ergonomic}
    uintx GCDrainStackTargetSize                   = 64                                        {product} {ergonomic}
   size_t InitialHeapSize                          = 67108864                                  {product} {command line}
   size_t MarkStackSize                            = 4194304                                   {product} {ergonomic}
   size_t MaxHeapSize                              = 536870912                                 {product} {command line}
   size_t MaxNewSize                               = 321912832                                 {product} {ergonomic}
   size_t MinHeapDeltaBytes                        = 1048576                                   {product} {ergonomic}
    uintx NonNMethodCodeHeapSize                   = 7594288                                {pd product} {ergonomic}
    uintx NonProfiledCodeHeapSize                  = 122031976                              {pd product} {ergonomic}
    uintx ProfiledCodeHeapSize                     = 122031976                              {pd product} {ergonomic}
    uintx ReservedCodeCacheSize                    = 251658240                              {pd product} {ergonomic}
     bool SegmentedCodeCache                       = true                                      {product} {ergonomic}
     bool UseCompressedClassPointers               = true                                 {lp64_product} {ergonomic}
     bool UseCompressedOops                        = true                                 {lp64_product} {ergonomic}
     bool UseG1GC                                  = true                                      {product} {ergonomic}

Logging:
Log output configuration:
 #0: stdout all=warning uptime,level,tags
 #1: stderr all=off uptime,level,tags

Environment Variables:
PATH=/home/alexander/.npm-global/bin:/home/alexander/.local/bin:/home/alexander/miniconda3/bin:/home/alexander/miniconda3/condabin:/home/alexander/.npm-global/bin:/home/alexander/.local/bin:/usr/local/sbin:/usr/local/bin:/usr/sbin:/usr/bin:/sbin:/bin:/usr/games:/usr/local/games:/snap/bin:/snap/bin
USERNAME=alexander
SHELL=/bin/bash
DISPLAY=:0
LANG=en_US.UTF-8

Signal Handlers:
SIGSEGV: [libjvm.so+0xf4bc80], sa_mask[0]=11111111011111111101111111111110, sa_flags=SA_RESTART|SA_SIGINFO
SIGBUS: [libjvm.so+0xf4bc80], sa_mask[0]=11111111011111111101111111111110, sa_flags=SA_RESTART|SA_SIGINFO
SIGFPE: [libjvm.so+0xf4bc80], sa_mask[0]=11111111011111111101111111111110, sa_flags=SA_RESTART|SA_SIGINFO
SIGPIPE: [libjvm.so+0xc6c2b0], sa_mask[0]=11111111011111111101111111111110, sa_flags=SA_RESTART|SA_SIGINFO
SIGXFSZ: [libjvm.so+0xc6c2b0], sa_mask[0]=11111111011111111101111111111110, sa_flags=SA_RESTART|SA_SIGINFO
SIGILL: [libjvm.so+0xf4bc80], sa_mask[0]=11111111011111111101111111111110, sa_flags=SA_RESTART|SA_SIGINFO
SIGUSR2: [libjvm.so+0xc6c150], sa_mask[0]=00000000000000000000000000000000, sa_flags=SA_RESTART|SA_SIGINFO
SIGHUP: SIG_DFL, sa_mask[0]=00000000000000000000000000000000, sa_flags=none
SIGINT: SIG_DFL, sa_mask[0]=00000000000000000000000000000000, sa_flags=none
SIGTERM: SIG_DFL, sa_mask[0]=00000000000000000000000000000000, sa_flags=none
SIGQUIT: SIG_DFL, sa_mask[0]=00000000000000000000000000000000, sa_flags=none


---------------  S Y S T E M  ---------------

OS:DISTRIB_ID=Ubuntu
DISTRIB_RELEASE=22.04
DISTRIB_CODENAME=jammy
DISTRIB_DESCRIPTION="Ubuntu 22.04.1 LTS"
uname:Linux 5.15.0-47-generic #51-Ubuntu SMP Thu Aug 11 07:51:15 UTC 2022 x86_64
OS uptime: 0 days 21:32 hours
libc:glibc 2.35 NPTL 2.35 
rlimit (soft/hard): STACK 8192k/infinity , CORE 0k/infinity , NPROC 63411/63411 , NOFILE 1048576/1048576 , AS infinity/infinity , CPU infinity/infinity , DATA infinity/infinity , FSIZE infinity/infinity , MEMLOCK 2038612k/2038612k
load average:4.45 1.62 1.10

/proc/meminfo:
MemTotal:       16308908 kB
MemFree:         3930568 kB
MemAvailable:    9703712 kB
Buffers:          160524 kB
Cached:          5827640 kB
SwapCached:       305888 kB
Active:          3641608 kB
Inactive:        7641272 kB
Active(anon):    1049260 kB
Inactive(anon):  4472700 kB
Active(file):    2592348 kB
Inactive(file):  3168572 kB
Unevictable:         132 kB
Mlocked:             132 kB
SwapTotal:      16777212 kB
SwapFree:       14393852 kB
Dirty:               248 kB
Writeback:            40 kB
AnonPages:       5159672 kB
Mapped:          1025980 kB
Shmem:            234684 kB
KReclaimable:     347596 kB
Slab:             572576 kB
SReclaimable:     347596 kB
SUnreclaim:       224980 kB
KernelStack:       34236 kB
PageTables:        82012 kB
NFS_Unstable:          0 kB
Bounce:                0 kB
WritebackTmp:          0 kB
CommitLimit:    24931664 kB
Committed_AS:   19142184 kB
VmallocTotal:   34359738367 kB
VmallocUsed:      112496 kB
VmallocChunk:          0 kB
Percpu:            35712 kB
HardwareCorrupted:     0 kB
AnonHugePages:         0 kB
ShmemHugePages:        0 kB
ShmemPmdMapped:        0 kB
FileHugePages:         0 kB
FilePmdMapped:         0 kB
HugePages_Total:       0
HugePages_Free:        0
HugePages_Rsvd:        0
HugePages_Surp:        0
Hugepagesize:       2048 kB
Hugetlb:               0 kB
DirectMap4k:     1255016 kB
DirectMap2M:    13355008 kB
DirectMap1G:     3145728 kB

/sys/kernel/mm/transparent_hugepage/enabled:
always [madvise] never
/sys/kernel/mm/transparent_hugepage/defrag (defrag/compaction efforts parameter):
always defer defer+madvise [madvise] never

Process Memory:
Virtual Size: 2458136K (peak: 2458136K)
Resident Set Size: 27024K (peak: 27024K) (anon: 9212K, file: 17812K, shmem: 0K)
Swapped out: 0K
C-Heap outstanding allocations: 1336K

/proc/sys/kernel/threads-max (system-wide limit on the number of threads):
126823
/proc/sys/vm/max_map_count (maximum number of memory map areas a process may have):
65530
/proc/sys/kernel/pid_max (system-wide limit on number of process identifiers):
4194304

Steal ticks since vm start: 0
Steal ticks percentage since vm start:  0.000

CPU:total 16 (initial active 16) (16 cores per cpu, 2 threads per core) family 23 model 113 stepping 0 microcode 0x8701013, cmov, cx8, fxsr, mmx, sse, sse2, sse3, ssse3, sse4.1, sse4.2, popcnt, avx, avx2, aes, clmul, mmxext, 3dnowpref, lzcnt, sse4a, ht, tsc, tscinvbit, tscinv, bmi1, bmi2, adx, sha, fma
CPU Model and flags from /proc/cpuinfo:
model name	: AMD Ryzen 7 3800X 8-Core Processor
flags		: fpu vme de pse tsc msr pae mce cx8 apic sep mtrr pge mca cmov pat pse36 clflush mmx fxsr sse sse2 ht syscall nx mmxext fxsr_opt pdpe1gb rdtscp lm constant_tsc rep_good nopl nonstop_tsc cpuid extd_apicid aperfmperf rapl pni pclmulqdq monitor ssse3 fma cx16 sse4_1 sse4_2 movbe popcnt aes xsave avx f16c rdrand lahf_lm cmp_legacy svm extapic cr8_legacy abm sse4a misalignsse 3dnowprefetch osvw ibs skinit wdt tce topoext perfctr_core perfctr_nb bpext perfctr_llc mwaitx cpb cat_l3 cdp_l3 hw_pstate ssbd mba ibpb stibp vmmcall fsgsbase bmi1 avx2 smep bmi2 cqm rdt_a rdseed adx smap clflushopt clwb sha_ni xsaveopt xsavec xgetbv1 xsaves cqm_llc cqm_occup_llc cqm_mbm_total cqm_mbm_local clzero irperf xsaveerptr rdpru wbnoinvd arat npt lbrv svm_lock nrip_save tsc_scale vmcb_clean flushbyasid decodeassists pausefilter pfthreshold avic v_vmsave_vmload vgif v_spec_ctrl umip rdpid overflow_recov succor smca sme sev sev_es
Online cpus:
0-15
Offline cpus:
16-31
BIOS frequency limitation:
3900000
Frequency switch latency (ns):
0
Available cpu frequencies:
3900000 2800000 2200000 
Current governor:
schedutil
Core performance/turbo boost:
1

Memory: 4k page, physical 16308908k(3930568k free), swap 16777212k(14393852k free)

vm_info: OpenJDK 64-Bit Server VM (11.0.12+7) for linux-amd64 JRE (11.0.12+7), built on Jul 21 2021 08:09:41 by "" with gcc 7.5.0

END.
