#
# A fatal error has been detected by the Java Runtime Environment:
#
#  SIGSEGV (0xb) at pc=0x00007f2c026d5eeb, pid=114627, tid=114631
#
# JRE version:  (11.0.12+7) (build )
# Java VM: OpenJDK 64-Bit Server VM (11.0.12+7, mixed mode, tiered, compressed oops, g1 gc, linux-amd64)
# Problematic frame:
# V  [libjvm.so+0x8d5eeb]  JavaCalls::call_helper(JavaValue*, methodHandle const&, JavaCallArguments*, Thread*)+0xeb
#
# Core dump will be written. Default location: Core dumps may be processed with "/usr/share/apport/apport -p%p -s%s -c%c -d%d -P%P -u%u -g%g -- %E" (or dumping to /home/alexander/Data/Work/ConferencesSeminars/2022/10 - Cascades lecture/reveal.js/core.114627)
#
#

---------------  S U M M A R Y ------------

Command Line: -Xms64m -Xmx512m -Dapp.name=ltex-ls -Dapp.pid=114627 -Dapp.repo=/home/alexander/.vscode/extensions/valentjn.vscode-ltex-13.1.0/lib/ltex-ls-15.2.0/lib -Dapp.home=/home/alexander/.vscode/extensions/valentjn.vscode-ltex-13.1.0/lib/ltex-ls-15.2.0 -Dbasedir=/home/alexander/.vscode/extensions/valentjn.vscode-ltex-13.1.0/lib/ltex-ls-15.2.0 org.bsplines.ltexls.LtexLanguageServerLauncher

Host: AMD Ryzen 7 3800X 8-Core Processor, 16 cores, 15G, Ubuntu 22.04.1 LTS
Time: Wed Sep 14 14:12:51 2022 MSK elapsed time: 0.012130 seconds (0d 0h 0m 0s)

---------------  T H R E A D  ---------------

Current thread (0x00007f2bfc02b800):  JavaThread "Unknown thread" [_thread_in_vm, id=114631, stack(0x00007f2c01d00000,0x00007f2c01e00000)]

Stack: [0x00007f2c01d00000,0x00007f2c01e00000],  sp=0x00007f2c01dfe6c0,  free space=1017k
Native frames: (J=compiled Java code, A=aot compiled Java code, j=interpreted, Vv=VM code, C=native code)
V  [libjvm.so+0x8d5eeb]  JavaCalls::call_helper(JavaValue*, methodHandle const&, JavaCallArguments*, Thread*)+0xeb
V  [libjvm.so+0x8a6e8e]  InstanceKlass::call_class_initializer(Thread*)+0x22e
V  [libjvm.so+0x8a74db]  InstanceKlass::initialize_impl(Thread*)+0x4fb
V  [libjvm.so+0xeda426]  Threads::initialize_java_lang_classes(JavaThread*, Thread*)+0x76
V  [libjvm.so+0xedc5d2]  Threads::create_vm(JavaVMInitArgs*, bool*)+0x4a2
V  [libjvm.so+0x9615b2]  JNI_CreateJavaVM+0x52
C  [libjli.so+0x49af]  JavaMain+0x8f
C  [libjli.so+0x9149]  ThreadJavaMain+0x9


siginfo: si_signo: 11 (SIGSEGV), si_code: 2 (SEGV_ACCERR), si_addr: 0x00007f2c026a772c

Register to memory mapping:

RAX=0x00007f2c026a772c: <offset 0x00000000008a772c> in /home/alexander/.vscode/extensions/valentjn.vscode-ltex-13.1.0/lib/ltex-ls-15.2.0/jdk-11.0.12+7/lib/server/libjvm.so at 0x00007f2c01e00000
RBX=0x00007f2bfc02b800 is a thread
RCX=0x00000060003ec440 is an unknown value
RDX=0x00007f2c02e1d838: <offset 0x000000000101d838> in /home/alexander/.vscode/extensions/valentjn.vscode-ltex-13.1.0/lib/ltex-ls-15.2.0/jdk-11.0.12+7/lib/server/libjvm.so at 0x00007f2c01e00000
RSP=0x00007f2c01dfe6c0 is pointing into the stack for thread: 0x00007f2bfc02b800
RBP=0x00007f2c01dfe7a0 is pointing into the stack for thread: 0x00007f2bfc02b800
RSI=0x0000000000000001 is an unknown value
RDI={method} {0x00007f2bd9808e90} '<clinit>' '()V' in 'java/lang/String'
R8 =0x00007f2bfc02b800 is a thread
R9 =0x00007f2bd9808e40 is pointing into metadata
R10=0x00007f2bd9801190 is pointing into metadata
R11=0x000000000000003c is an unknown value
R12=0x00007f2c01dfe7c0 is pointing into the stack for thread: 0x00007f2bfc02b800
R13=0x0 is NULL
R14=0x00007f2c01dfe800 is pointing into the stack for thread: 0x00007f2bfc02b800
R15=0x00007f2c01dfe7d0 is pointing into the stack for thread: 0x00007f2bfc02b800


Registers:
RAX=0x00007f2c026a772c, RBX=0x00007f2bfc02b800, RCX=0x00000060003ec440, RDX=0x00007f2c02e1d838
RSP=0x00007f2c01dfe6c0, RBP=0x00007f2c01dfe7a0, RSI=0x0000000000000001, RDI=0x00007f2bd9808e90
R8 =0x00007f2bfc02b800, R9 =0x00007f2bd9808e40, R10=0x00007f2bd9801190, R11=0x000000000000003c
R12=0x00007f2c01dfe7c0, R13=0x0000000000000000, R14=0x00007f2c01dfe800, R15=0x00007f2c01dfe7d0
RIP=0x00007f2c026d5eeb, EFLAGS=0x0000000000010213, CSGSFS=0x002b000000000033, ERR=0x0000000000000007
  TRAPNO=0x000000000000000e

Top of Stack: (sp=0x00007f2c01dfe6c0)
0x00007f2c01dfe6c0:   00007f2bfc02b800 0000000100001608
0x00007f2c01dfe6d0:   00007f2c01852616 0000000e0000000a
0x00007f2c01dfe6e0:   00007f2bea6f05c0 00007f2bd9808e90
0x00007f2c01dfe6f0:   0000000000000016 00007f2c01dfe780 

Instructions: (pc=0x00007f2c026d5eeb)
0x00007f2c026d5deb:   c3 df ff e8 0d 7e 39 00 eb 8b 90 66 2e 0f 1f 84
0x00007f2c026d5dfb:   00 00 00 00 00 55 48 89 e5 41 57 41 56 41 55 41
0x00007f2c026d5e0b:   54 49 89 ff 53 49 89 f4 49 89 d6 48 89 cb 48 81
0x00007f2c026d5e1b:   ec b8 00 00 00 4c 8b 6a 78 4d 85 ed 74 27 48 89
0x00007f2c026d5e2b:   de 4c 89 e7 e8 5c c6 d8 ff 48 83 7b 08 00 74 35
0x00007f2c026d5e3b:   48 8d 65 d8 5b 41 5c 41 5d 41 5e 41 5f 5d c3 66
0x00007f2c026d5e4b:   0f 1f 44 00 00 48 8d 05 fc 38 cb 00 80 38 00 74
0x00007f2c026d5e5b:   cd 8b 17 4c 89 f7 e8 5a fe ff ff eb c1 0f 1f 84
0x00007f2c026d5e6b:   00 00 00 00 00 49 8b 04 24 48 8b 40 48 48 89 85
0x00007f2c026d5e7b:   40 ff ff ff 48 8d 05 8c 93 cb 00 80 38 00 74 19
0x00007f2c026d5e8b:   8b 8b c0 04 00 00 85 c9 74 0f 49 8b 04 24 48 8b
0x00007f2c026d5e9b:   40 30 48 89 85 40 ff ff ff 41 8b 07 89 85 3c ff
0x00007f2c026d5eab:   ff ff 83 e8 04 83 f8 0a 0f 87 37 02 00 00 48 8d
0x00007f2c026d5ebb:   15 78 79 74 00 48 63 04 82 48 01 d0 ff e0 0f 1f
0x00007f2c026d5ecb:   80 00 00 00 00 c7 85 38 ff ff ff 0a 00 00 00 66
0x00007f2c026d5edb:   0f 1f 44 00 00 49 8b 04 24 48 87 85 48 ff ff ff
0x00007f2c026d5eeb:   00 00 11 00 f6 40 20 08 75 0e 49 8b 46 58 48 8b
0x00007f2c026d5efb:   00 48 89 85 48 ff ff ff 83 bb 10 04 00 00 03 74
0x00007f2c026d5f0b:   08 48 89 df e8 8c e5 5f 00 e8 b7 3a 3a 00 4c 89
0x00007f2c026d5f1b:   e6 48 89 c2 48 89 df e8 99 07 39 00 84 c0 0f 84
0x00007f2c026d5f2b:   71 01 00 00 4d 85 ed 0f 84 80 00 00 00 49 8b 45
0x00007f2c026d5f3b:   00 48 8d 15 5d 55 d7 ff 48 8b 80 88 00 00 00 48
0x00007f2c026d5f4b:   39 d0 0f 85 8d 02 00 00 41 0f b6 85 4f 01 00 00
0x00007f2c026d5f5b:   3c 02 0f 9e c0 84 c0 0f 84 58 01 00 00 49 8b 45
0x00007f2c026d5f6b:   00 48 8d 15 3d d2 cf ff 48 8b 80 d8 00 00 00 48
0x00007f2c026d5f7b:   39 d0 0f 85 2d 03 00 00 49 8b 85 00 01 00 00 48
0x00007f2c026d5f8b:   89 83 00 04 00 00 48 8d 15 08 64 ca 00 49 8b 04
0x00007f2c026d5f9b:   24 48 8b 40 08 48 39 02 48 8b 50 18 0f 87 83 01
0x00007f2c026d5fab:   00 00 48 8b 42 18 48 89 85 40 ff ff ff 4c 8d 6d
0x00007f2c026d5fbb:   90 48 8b 95 48 ff ff ff 49 89 d8 4c 89 f9 4c 89
0x00007f2c026d5fcb:   e6 4c 89 ef e8 2c da ff ff 48 83 7b 08 00 0f 84
0x00007f2c026d5fdb:   71 01 00 00 48 8b 75 90 48 8b 45 98 48 c7 86 28 


Stack slot to memory mapping:
stack at sp + 0 slots: 0x00007f2bfc02b800 is a thread
stack at sp + 1 slots: 0x0000000100001608 is a pointer to class: 
java.lang.CharSequence {0x0000000100001608}
stack at sp + 2 slots: 0x00007f2c01852616 points into unknown readable memory: 6a 61
stack at sp + 3 slots: 0x0000000e0000000a is an unknown value
stack at sp + 4 slots: 0x00007f2bea6f05c0 is at code_begin+0 in an Interpreter codelet
method entry point (kind = zerolocals)  [0x00007f2bea6f05c0, 0x00007f2bea6f0a80]  1216 bytes
stack at sp + 5 slots: {method} {0x00007f2bd9808e90} '<clinit>' '()V' in 'java/lang/String'
stack at sp + 6 slots: 0x0000000000000016 is an unknown value
stack at sp + 7 slots: 0x00007f2c01dfe780 is pointing into the stack for thread: 0x00007f2bfc02b800


---------------  P R O C E S S  ---------------

Threads class SMR info:
_java_thread_list=0x00007f2bfc11f2d0, length=1, elements={
0x00007f2bfc02b800
}

Java Threads: ( => current thread )
=>0x00007f2bfc02b800 JavaThread "Unknown thread" [_thread_in_vm, id=114631, stack(0x00007f2c01d00000,0x00007f2c01e00000)]

Other Threads:
  0x00007f2bfc11f800 VMThread "VM Thread" [stack: 0x00007f2be82cd000,0x00007f2be83cd000] [id=114637]
  0x00007f2bfc045800 GCTaskThread "GC Thread#0" [stack: 0x00007f2c01500000,0x00007f2c01600000] [id=114632]
  0x00007f2bfc057000 ConcurrentGCThread "G1 Main Marker" [stack: 0x00007f2be93e2000,0x00007f2be94e2000] [id=114633]
  0x00007f2bfc059000 ConcurrentGCThread "G1 Conc#0" [stack: 0x00007f2be92e0000,0x00007f2be93e0000] [id=114634]
  0x00007f2bfc0c2800 ConcurrentGCThread "G1 Refine#0" [stack: 0x00007f2be84d1000,0x00007f2be85d1000] [id=114635]
  0x00007f2bfc0c4800 ConcurrentGCThread "G1 Young RemSet Sampling" [stack: 0x00007f2be83cf000,0x00007f2be84cf000] [id=114636]

Threads with active compile tasks:

VM state:not at safepoint (normal execution)

VM Mutex/Monitor currently owned by a thread: None

Heap address: 0x00000000e0000000, size: 512 MB, Compressed Oops mode: 32-bit
Narrow klass base: 0x0000000000000000, Narrow klass shift: 3
Compressed class space size: 1073741824 Address: 0x0000000100000000

Heap:
 garbage-first heap   total 65536K, used 0K [0x00000000e0000000, 0x0000000100000000)
  region size 1024K, 1 young (1024K), 0 survivors (0K)
 Metaspace       used 993K, capacity 4480K, committed 4480K, reserved 1056768K
  class space    used 86K, capacity 384K, committed 384K, reserved 1048576K
Heap Regions: E=young(eden), S=young(survivor), O=old, HS=humongous(starts), HC=humongous(continues), CS=collection set, F=free, A=archive, TAMS=top-at-mark-start (previous, next)
|   0|0x00000000e0000000, 0x00000000e0000000, 0x00000000e0100000|  0%| F|  |TAMS 0x00000000e0000000, 0x00000000e0000000| Untracked 
|   1|0x00000000e0100000, 0x00000000e0100000, 0x00000000e0200000|  0%| F|  |TAMS 0x00000000e0100000, 0x00000000e0100000| Untracked 
|   2|0x00000000e0200000, 0x00000000e0200000, 0x00000000e0300000|  0%| F|  |TAMS 0x00000000e0200000, 0x00000000e0200000| Untracked 
|   3|0x00000000e0300000, 0x00000000e0300000, 0x00000000e0400000|  0%| F|  |TAMS 0x00000000e0300000, 0x00000000e0300000| Untracked 
|   4|0x00000000e0400000, 0x00000000e0400000, 0x00000000e0500000|  0%| F|  |TAMS 0x00000000e0400000, 0x00000000e0400000| Untracked 
|   5|0x00000000e0500000, 0x00000000e0500000, 0x00000000e0600000|  0%| F|  |TAMS 0x00000000e0500000, 0x00000000e0500000| Untracked 
|   6|0x00000000e0600000, 0x00000000e0600000, 0x00000000e0700000|  0%| F|  |TAMS 0x00000000e0600000, 0x00000000e0600000| Untracked 
|   7|0x00000000e0700000, 0x00000000e0700000, 0x00000000e0800000|  0%| F|  |TAMS 0x00000000e0700000, 0x00000000e0700000| Untracked 
|   8|0x00000000e0800000, 0x00000000e0800000, 0x00000000e0900000|  0%| F|  |TAMS 0x00000000e0800000, 0x00000000e0800000| Untracked 
|   9|0x00000000e0900000, 0x00000000e0900000, 0x00000000e0a00000|  0%| F|  |TAMS 0x00000000e0900000, 0x00000000e0900000| Untracked 
|  10|0x00000000e0a00000, 0x00000000e0a00000, 0x00000000e0b00000|  0%| F|  |TAMS 0x00000000e0a00000, 0x00000000e0a00000| Untracked 
|  11|0x00000000e0b00000, 0x00000000e0b00000, 0x00000000e0c00000|  0%| F|  |TAMS 0x00000000e0b00000, 0x00000000e0b00000| Untracked 
|  12|0x00000000e0c00000, 0x00000000e0c00000, 0x00000000e0d00000|  0%| F|  |TAMS 0x00000000e0c00000, 0x00000000e0c00000| Untracked 
|  13|0x00000000e0d00000, 0x00000000e0d00000, 0x00000000e0e00000|  0%| F|  |TAMS 0x00000000e0d00000, 0x00000000e0d00000| Untracked 
|  14|0x00000000e0e00000, 0x00000000e0e00000, 0x00000000e0f00000|  0%| F|  |TAMS 0x00000000e0e00000, 0x00000000e0e00000| Untracked 
|  15|0x00000000e0f00000, 0x00000000e0f00000, 0x00000000e1000000|  0%| F|  |TAMS 0x00000000e0f00000, 0x00000000e0f00000| Untracked 
|  16|0x00000000e1000000, 0x00000000e1000000, 0x00000000e1100000|  0%| F|  |TAMS 0x00000000e1000000, 0x00000000e1000000| Untracked 
|  17|0x00000000e1100000, 0x00000000e1100000, 0x00000000e1200000|  0%| F|  |TAMS 0x00000000e1100000, 0x00000000e1100000| Untracked 
|  18|0x00000000e1200000, 0x00000000e1200000, 0x00000000e1300000|  0%| F|  |TAMS 0x00000000e1200000, 0x00000000e1200000| Untracked 
|  19|0x00000000e1300000, 0x00000000e1300000, 0x00000000e1400000|  0%| F|  |TAMS 0x00000000e1300000, 0x00000000e1300000| Untracked 
|  20|0x00000000e1400000, 0x00000000e1400000, 0x00000000e1500000|  0%| F|  |TAMS 0x00000000e1400000, 0x00000000e1400000| Untracked 
|  21|0x00000000e1500000, 0x00000000e1500000, 0x00000000e1600000|  0%| F|  |TAMS 0x00000000e1500000, 0x00000000e1500000| Untracked 
|  22|0x00000000e1600000, 0x00000000e1600000, 0x00000000e1700000|  0%| F|  |TAMS 0x00000000e1600000, 0x00000000e1600000| Untracked 
|  23|0x00000000e1700000, 0x00000000e1700000, 0x00000000e1800000|  0%| F|  |TAMS 0x00000000e1700000, 0x00000000e1700000| Untracked 
|  24|0x00000000e1800000, 0x00000000e1800000, 0x00000000e1900000|  0%| F|  |TAMS 0x00000000e1800000, 0x00000000e1800000| Untracked 
|  25|0x00000000e1900000, 0x00000000e1900000, 0x00000000e1a00000|  0%| F|  |TAMS 0x00000000e1900000, 0x00000000e1900000| Untracked 
|  26|0x00000000e1a00000, 0x00000000e1a00000, 0x00000000e1b00000|  0%| F|  |TAMS 0x00000000e1a00000, 0x00000000e1a00000| Untracked 
|  27|0x00000000e1b00000, 0x00000000e1b00000, 0x00000000e1c00000|  0%| F|  |TAMS 0x00000000e1b00000, 0x00000000e1b00000| Untracked 
|  28|0x00000000e1c00000, 0x00000000e1c00000, 0x00000000e1d00000|  0%| F|  |TAMS 0x00000000e1c00000, 0x00000000e1c00000| Untracked 
|  29|0x00000000e1d00000, 0x00000000e1d00000, 0x00000000e1e00000|  0%| F|  |TAMS 0x00000000e1d00000, 0x00000000e1d00000| Untracked 
|  30|0x00000000e1e00000, 0x00000000e1e00000, 0x00000000e1f00000|  0%| F|  |TAMS 0x00000000e1e00000, 0x00000000e1e00000| Untracked 
|  31|0x00000000e1f00000, 0x00000000e1f00000, 0x00000000e2000000|  0%| F|  |TAMS 0x00000000e1f00000, 0x00000000e1f00000| Untracked 
|  32|0x00000000e2000000, 0x00000000e2000000, 0x00000000e2100000|  0%| F|  |TAMS 0x00000000e2000000, 0x00000000e2000000| Untracked 
|  33|0x00000000e2100000, 0x00000000e2100000, 0x00000000e2200000|  0%| F|  |TAMS 0x00000000e2100000, 0x00000000e2100000| Untracked 
|  34|0x00000000e2200000, 0x00000000e2200000, 0x00000000e2300000|  0%| F|  |TAMS 0x00000000e2200000, 0x00000000e2200000| Untracked 
|  35|0x00000000e2300000, 0x00000000e2300000, 0x00000000e2400000|  0%| F|  |TAMS 0x00000000e2300000, 0x00000000e2300000| Untracked 
|  36|0x00000000e2400000, 0x00000000e2400000, 0x00000000e2500000|  0%| F|  |TAMS 0x00000000e2400000, 0x00000000e2400000| Untracked 
|  37|0x00000000e2500000, 0x00000000e2500000, 0x00000000e2600000|  0%| F|  |TAMS 0x00000000e2500000, 0x00000000e2500000| Untracked 
|  38|0x00000000e2600000, 0x00000000e2600000, 0x00000000e2700000|  0%| F|  |TAMS 0x00000000e2600000, 0x00000000e2600000| Untracked 
|  39|0x00000000e2700000, 0x00000000e2700000, 0x00000000e2800000|  0%| F|  |TAMS 0x00000000e2700000, 0x00000000e2700000| Untracked 
|  40|0x00000000e2800000, 0x00000000e2800000, 0x00000000e2900000|  0%| F|  |TAMS 0x00000000e2800000, 0x00000000e2800000| Untracked 
|  41|0x00000000e2900000, 0x00000000e2900000, 0x00000000e2a00000|  0%| F|  |TAMS 0x00000000e2900000, 0x00000000e2900000| Untracked 
|  42|0x00000000e2a00000, 0x00000000e2a00000, 0x00000000e2b00000|  0%| F|  |TAMS 0x00000000e2a00000, 0x00000000e2a00000| Untracked 
|  43|0x00000000e2b00000, 0x00000000e2b00000, 0x00000000e2c00000|  0%| F|  |TAMS 0x00000000e2b00000, 0x00000000e2b00000| Untracked 
|  44|0x00000000e2c00000, 0x00000000e2c00000, 0x00000000e2d00000|  0%| F|  |TAMS 0x00000000e2c00000, 0x00000000e2c00000| Untracked 
|  45|0x00000000e2d00000, 0x00000000e2d00000, 0x00000000e2e00000|  0%| F|  |TAMS 0x00000000e2d00000, 0x00000000e2d00000| Untracked 
|  46|0x00000000e2e00000, 0x00000000e2e00000, 0x00000000e2f00000|  0%| F|  |TAMS 0x00000000e2e00000, 0x00000000e2e00000| Untracked 
|  47|0x00000000e2f00000, 0x00000000e2f00000, 0x00000000e3000000|  0%| F|  |TAMS 0x00000000e2f00000, 0x00000000e2f00000| Untracked 
|  48|0x00000000e3000000, 0x00000000e3000000, 0x00000000e3100000|  0%| F|  |TAMS 0x00000000e3000000, 0x00000000e3000000| Untracked 
|  49|0x00000000e3100000, 0x00000000e3100000, 0x00000000e3200000|  0%| F|  |TAMS 0x00000000e3100000, 0x00000000e3100000| Untracked 
|  50|0x00000000e3200000, 0x00000000e3200000, 0x00000000e3300000|  0%| F|  |TAMS 0x00000000e3200000, 0x00000000e3200000| Untracked 
|  51|0x00000000e3300000, 0x00000000e3300000, 0x00000000e3400000|  0%| F|  |TAMS 0x00000000e3300000, 0x00000000e3300000| Untracked 
|  52|0x00000000e3400000, 0x00000000e3400000, 0x00000000e3500000|  0%| F|  |TAMS 0x00000000e3400000, 0x00000000e3400000| Untracked 
|  53|0x00000000e3500000, 0x00000000e3500000, 0x00000000e3600000|  0%| F|  |TAMS 0x00000000e3500000, 0x00000000e3500000| Untracked 
|  54|0x00000000e3600000, 0x00000000e3600000, 0x00000000e3700000|  0%| F|  |TAMS 0x00000000e3600000, 0x00000000e3600000| Untracked 
|  55|0x00000000e3700000, 0x00000000e3700000, 0x00000000e3800000|  0%| F|  |TAMS 0x00000000e3700000, 0x00000000e3700000| Untracked 
|  56|0x00000000e3800000, 0x00000000e3800000, 0x00000000e3900000|  0%| F|  |TAMS 0x00000000e3800000, 0x00000000e3800000| Untracked 
|  57|0x00000000e3900000, 0x00000000e3900000, 0x00000000e3a00000|  0%| F|  |TAMS 0x00000000e3900000, 0x00000000e3900000| Untracked 
|  58|0x00000000e3a00000, 0x00000000e3a00000, 0x00000000e3b00000|  0%| F|  |TAMS 0x00000000e3a00000, 0x00000000e3a00000| Untracked 
|  59|0x00000000e3b00000, 0x00000000e3b00000, 0x00000000e3c00000|  0%| F|  |TAMS 0x00000000e3b00000, 0x00000000e3b00000| Untracked 
|  60|0x00000000e3c00000, 0x00000000e3c00000, 0x00000000e3d00000|  0%| F|  |TAMS 0x00000000e3c00000, 0x00000000e3c00000| Untracked 
|  61|0x00000000e3d00000, 0x00000000e3d00000, 0x00000000e3e00000|  0%| F|  |TAMS 0x00000000e3d00000, 0x00000000e3d00000| Untracked 
|  62|0x00000000e3e00000, 0x00000000e3e00000, 0x00000000e3f00000|  0%| F|  |TAMS 0x00000000e3e00000, 0x00000000e3e00000| Untracked 
|  63|0x00000000e3f00000, 0x00000000e3f7ae20, 0x00000000e4000000| 48%| E|  |TAMS 0x00000000e3f00000, 0x00000000e3f00000| Complete 

Card table byte_map: [0x00007f2bea5e2000,0x00007f2bea6e2000] _byte_map_base: 0x00007f2be9ee2000

Marking Bits (Prev, Next): (CMBitMap*) 0x00007f2bfc0540a8, (CMBitMap*) 0x00007f2bfc0540e0
 Prev Bits: [0x00007f2be9ce2000, 0x00007f2bea4e2000)
 Next Bits: [0x00007f2be94e2000, 0x00007f2be9ce2000)

Polling page: 0x00007f2c03985000

Metaspace:

Usage:
  Non-class:      4.00 MB capacity,   906.74 KB ( 22%) used,     3.11 MB ( 78%) free+waste,    64 bytes ( <1%) overhead. 
      Class:    384.00 KB capacity,    86.41 KB ( 23%) used,   297.52 KB ( 77%) free+waste,    64 bytes ( <1%) overhead. 
       Both:      4.38 MB capacity,   993.16 KB ( 22%) used,     3.40 MB ( 78%) free+waste,   128 bytes ( <1%) overhead. 

Virtual space:
  Non-class space:        8.00 MB reserved,       4.00 MB ( 50%) committed 
      Class space:        1.00 GB reserved,     384.00 KB ( <1%) committed 
             Both:        1.01 GB reserved,       4.38 MB ( <1%) committed 

Chunk freelists:
   Non-Class:  0 bytes
       Class:  0 bytes
        Both:  0 bytes

MaxMetaspaceSize: unlimited
CompressedClassSpaceSize: 1.00 GB
Initial GC threshold: 20.80 MB
Current GC threshold: 17179869184.00 GB
CDS: off

CodeHeap 'non-profiled nmethods': size=119172Kb used=0Kb max_used=0Kb free=119172Kb
 bounds [0x00007f2bf2281000, 0x00007f2bf24f1000, 0x00007f2bf96e2000]
CodeHeap 'profiled nmethods': size=119168Kb used=0Kb max_used=0Kb free=119168Kb
 bounds [0x00007f2beae21000, 0x00007f2beb091000, 0x00007f2bf2281000]
CodeHeap 'non-nmethods': size=7420Kb used=336Kb max_used=336Kb free=7083Kb
 bounds [0x00007f2bea6e2000, 0x00007f2bea952000, 0x00007f2beae21000]
 total_blobs=83 nmethods=0 adapters=57
 compilation: enabled
              stopped_count=0, restarted_count=0
 full_count=0

Compilation events (0 events):
No events

GC Heap History (0 events):
No events

Deoptimization events (0 events):
No events

Classes redefined (0 events):
No events

Internal exceptions (0 events):
No events

Events (20 events):
Event: 0.009 loading class java/lang/Number
Event: 0.009 loading class java/lang/Number done
Event: 0.009 loading class java/lang/Float done
Event: 0.009 loading class java/lang/Double
Event: 0.009 loading class java/lang/Double done
Event: 0.009 loading class java/lang/Byte
Event: 0.009 loading class java/lang/Byte done
Event: 0.009 loading class java/lang/Short
Event: 0.009 loading class java/lang/Short done
Event: 0.009 loading class java/lang/Integer
Event: 0.009 loading class java/lang/Integer done
Event: 0.009 loading class java/lang/Long
Event: 0.009 loading class java/lang/Long done
Event: 0.009 loading class java/util/Iterator
Event: 0.009 loading class java/util/Iterator done
Event: 0.009 loading class java/lang/NullPointerException
Event: 0.009 loading class java/lang/NullPointerException done
Event: 0.009 loading class java/lang/ArithmeticException
Event: 0.009 loading class java/lang/ArithmeticException done
Event: 0.010 Thread 0x00007f2bfc02b800 Thread added: 0x00007f2bfc02b800


Dynamic libraries:
e0000000-e4000000 rw-p 00000000 00:00 0 
e4000000-100000000 ---p 00000000 00:00 0 
100000000-100060000 rw-p 00000000 00:00 0 
100060000-140000000 ---p 00000000 00:00 0 
55e348600000-55e348601000 r-xp 00000000 103:03 2885778                   /home/alexander/.vscode/extensions/valentjn.vscode-ltex-13.1.0/lib/ltex-ls-15.2.0/jdk-11.0.12+7/bin/java
55e348801000-55e348802000 r--p 00001000 103:03 2885778                   /home/alexander/.vscode/extensions/valentjn.vscode-ltex-13.1.0/lib/ltex-ls-15.2.0/jdk-11.0.12+7/bin/java
55e348802000-55e348803000 rw-p 00002000 103:03 2885778                   /home/alexander/.vscode/extensions/valentjn.vscode-ltex-13.1.0/lib/ltex-ls-15.2.0/jdk-11.0.12+7/bin/java
55e348af2000-55e348b34000 rw-p 00000000 00:00 0                          [heap]
7f2bcc000000-7f2bcc021000 rw-p 00000000 00:00 0 
7f2bcc021000-7f2bd0000000 ---p 00000000 00:00 0 
7f2bd0000000-7f2bd0021000 rw-p 00000000 00:00 0 
7f2bd0021000-7f2bd4000000 ---p 00000000 00:00 0 
7f2bd4000000-7f2bd4021000 rw-p 00000000 00:00 0 
7f2bd4021000-7f2bd8000000 ---p 00000000 00:00 0 
7f2bd9592000-7f2bd9c00000 rw-p 00000000 00:00 0 
7f2bd9c00000-7f2bda000000 ---p 00000000 00:00 0 
7f2bda000000-7f2bdc000000 rw-p 00000000 00:00 0 
7f2bdc000000-7f2bdc021000 rw-p 00000000 00:00 0 
7f2bdc021000-7f2be0000000 ---p 00000000 00:00 0 
7f2be0000000-7f2be0021000 rw-p 00000000 00:00 0 
7f2be0021000-7f2be4000000 ---p 00000000 00:00 0 
7f2be4000000-7f2be4021000 rw-p 00000000 00:00 0 
7f2be4021000-7f2be8000000 ---p 00000000 00:00 0 
7f2be817e000-7f2be82cb000 rw-p 00000000 00:00 0 
7f2be82cb000-7f2be82cc000 ---p 00000000 00:00 0 
7f2be82cc000-7f2be83cd000 rw-p 00000000 00:00 0 
7f2be83cd000-7f2be83ce000 ---p 00000000 00:00 0 
7f2be83ce000-7f2be84cf000 rw-p 00000000 00:00 0 
7f2be84cf000-7f2be84d0000 ---p 00000000 00:00 0 
7f2be84d0000-7f2be92de000 rw-p 00000000 00:00 0 
7f2be92de000-7f2be92df000 ---p 00000000 00:00 0 
7f2be92df000-7f2be93e0000 rw-p 00000000 00:00 0 
7f2be93e0000-7f2be93e1000 ---p 00000000 00:00 0 
7f2be93e1000-7f2be95e2000 rw-p 00000000 00:00 0 
7f2be95e2000-7f2be9ce2000 ---p 00000000 00:00 0 
7f2be9ce2000-7f2be9de2000 rw-p 00000000 00:00 0 
7f2be9de2000-7f2bea4e2000 ---p 00000000 00:00 0 
7f2bea4e2000-7f2bea502000 rw-p 00000000 00:00 0 
7f2bea502000-7f2bea5e2000 ---p 00000000 00:00 0 
7f2bea5e2000-7f2bea602000 rw-p 00000000 00:00 0 
7f2bea602000-7f2bea6e2000 ---p 00000000 00:00 0 
7f2bea6e2000-7f2bea952000 rwxp 00000000 00:00 0 
7f2bea952000-7f2beae21000 ---p 00000000 00:00 0 
7f2beae21000-7f2beb091000 rwxp 00000000 00:00 0 
7f2beb091000-7f2bf2281000 ---p 00000000 00:00 0 
7f2bf2281000-7f2bf24f1000 rwxp 00000000 00:00 0 
7f2bf24f1000-7f2bf96e2000 ---p 00000000 00:00 0 
7f2bf96e2000-7f2bfc000000 r--s 00000000 103:03 2886100                   /home/alexander/.vscode/extensions/valentjn.vscode-ltex-13.1.0/lib/ltex-ls-15.2.0/jdk-11.0.12+7/lib/modules
7f2bfc000000-7f2bfc12d000 rw-p 00000000 00:00 0 
7f2bfc12d000-7f2c00000000 ---p 00000000 00:00 0 
7f2c000f4000-7f2c00114000 rw-p 00000000 00:00 0 
7f2c00114000-7f2c001f4000 ---p 00000000 00:00 0 
7f2c001f4000-7f2c00e00000 rw-p 00000000 00:00 0 
7f2c00e00000-7f2c00e07000 r-xp 00000000 103:03 2886099                   /home/alexander/.vscode/extensions/valentjn.vscode-ltex-13.1.0/lib/ltex-ls-15.2.0/jdk-11.0.12+7/lib/libzip.so
7f2c00e07000-7f2c01006000 ---p 00007000 103:03 2886099                   /home/alexander/.vscode/extensions/valentjn.vscode-ltex-13.1.0/lib/ltex-ls-15.2.0/jdk-11.0.12+7/lib/libzip.so
7f2c01006000-7f2c01007000 r--p 00006000 103:03 2886099                   /home/alexander/.vscode/extensions/valentjn.vscode-ltex-13.1.0/lib/ltex-ls-15.2.0/jdk-11.0.12+7/lib/libzip.so
7f2c01007000-7f2c01008000 rw-p 00007000 103:03 2886099                   /home/alexander/.vscode/extensions/valentjn.vscode-ltex-13.1.0/lib/ltex-ls-15.2.0/jdk-11.0.12+7/lib/libzip.so
7f2c010ff000-7f2c01200000 rw-p 00000000 00:00 0 
7f2c01200000-7f2c0121b000 r-xp 00000000 103:03 2886082                   /home/alexander/.vscode/extensions/valentjn.vscode-ltex-13.1.0/lib/ltex-ls-15.2.0/jdk-11.0.12+7/lib/libjimage.so
7f2c0121b000-7f2c0141a000 ---p 0001b000 103:03 2886082                   /home/alexander/.vscode/extensions/valentjn.vscode-ltex-13.1.0/lib/ltex-ls-15.2.0/jdk-11.0.12+7/lib/libjimage.so
7f2c0141a000-7f2c0141c000 r--p 0001a000 103:03 2886082                   /home/alexander/.vscode/extensions/valentjn.vscode-ltex-13.1.0/lib/ltex-ls-15.2.0/jdk-11.0.12+7/lib/libjimage.so
7f2c0141c000-7f2c0141d000 rw-p 0001c000 103:03 2886082                   /home/alexander/.vscode/extensions/valentjn.vscode-ltex-13.1.0/lib/ltex-ls-15.2.0/jdk-11.0.12+7/lib/libjimage.so
7f2c0147d000-7f2c014fe000 rw-p 00000000 00:00 0 
7f2c014fe000-7f2c014ff000 ---p 00000000 00:00 0 
7f2c014ff000-7f2c01600000 rw-p 00000000 00:00 0 
7f2c01600000-7f2c01629000 r-xp 00000000 103:03 2886078                   /home/alexander/.vscode/extensions/valentjn.vscode-ltex-13.1.0/lib/ltex-ls-15.2.0/jdk-11.0.12+7/lib/libjava.so
7f2c01629000-7f2c01828000 ---p 00029000 103:03 2886078                   /home/alexander/.vscode/extensions/valentjn.vscode-ltex-13.1.0/lib/ltex-ls-15.2.0/jdk-11.0.12+7/lib/libjava.so
7f2c01828000-7f2c01829000 r--p 00028000 103:03 2886078                   /home/alexander/.vscode/extensions/valentjn.vscode-ltex-13.1.0/lib/ltex-ls-15.2.0/jdk-11.0.12+7/lib/libjava.so
7f2c01829000-7f2c0182a000 rw-p 00029000 103:03 2886078                   /home/alexander/.vscode/extensions/valentjn.vscode-ltex-13.1.0/lib/ltex-ls-15.2.0/jdk-11.0.12+7/lib/libjava.so
7f2c0182a000-7f2c0182b000 rw-p 00000000 00:00 0 
7f2c01852000-7f2c0191c000 rw-p 00000000 00:00 0 
7f2c0191c000-7f2c01a00000 ---p 00000000 00:00 0 
7f2c01a00000-7f2c01a0d000 r-xp 00000000 103:03 2886098                   /home/alexander/.vscode/extensions/valentjn.vscode-ltex-13.1.0/lib/ltex-ls-15.2.0/jdk-11.0.12+7/lib/libverify.so
7f2c01a0d000-7f2c01c0c000 ---p 0000d000 103:03 2886098                   /home/alexander/.vscode/extensions/valentjn.vscode-ltex-13.1.0/lib/ltex-ls-15.2.0/jdk-11.0.12+7/lib/libverify.so
7f2c01c0c000-7f2c01c0e000 r--p 0000c000 103:03 2886098                   /home/alexander/.vscode/extensions/valentjn.vscode-ltex-13.1.0/lib/ltex-ls-15.2.0/jdk-11.0.12+7/lib/libverify.so
7f2c01c0e000-7f2c01c0f000 rw-p 0000e000 103:03 2886098                   /home/alexander/.vscode/extensions/valentjn.vscode-ltex-13.1.0/lib/ltex-ls-15.2.0/jdk-11.0.12+7/lib/libverify.so
7f2c01c17000-7f2c01c1c000 rw-p 00000000 00:00 0 
7f2c01c1c000-7f2c01d00000 ---p 00000000 00:00 0 
7f2c01d00000-7f2c01d04000 ---p 00000000 00:00 0 
7f2c01d04000-7f2c01e00000 rw-p 00000000 00:00 0 
7f2c01e00000-7f2c03077000 r-xp 00000000 103:03 2886111                   /home/alexander/.vscode/extensions/valentjn.vscode-ltex-13.1.0/lib/ltex-ls-15.2.0/jdk-11.0.12+7/lib/server/libjvm.so
7f2c03077000-7f2c03276000 ---p 01277000 103:03 2886111                   /home/alexander/.vscode/extensions/valentjn.vscode-ltex-13.1.0/lib/ltex-ls-15.2.0/jdk-11.0.12+7/lib/server/libjvm.so
7f2c03276000-7f2c0333b000 r--p 01276000 103:03 2886111                   /home/alexander/.vscode/extensions/valentjn.vscode-ltex-13.1.0/lib/ltex-ls-15.2.0/jdk-11.0.12+7/lib/server/libjvm.so
7f2c0333b000-7f2c03376000 rw-p 0133b000 103:03 2886111                   /home/alexander/.vscode/extensions/valentjn.vscode-ltex-13.1.0/lib/ltex-ls-15.2.0/jdk-11.0.12+7/lib/server/libjvm.so
7f2c03376000-7f2c033cd000 rw-p 00000000 00:00 0 
7f2c033d8000-7f2c03400000 r--p 00000000 103:02 2492513                   /usr/lib/x86_64-linux-gnu/libc.so.6
7f2c03400000-7f2c03595000 r-xp 00028000 103:02 2492513                   /usr/lib/x86_64-linux-gnu/libc.so.6
7f2c03595000-7f2c035ed000 r--p 001bd000 103:02 2492513                   /usr/lib/x86_64-linux-gnu/libc.so.6
7f2c035ed000-7f2c035f1000 r--p 00214000 103:02 2492513                   /usr/lib/x86_64-linux-gnu/libc.so.6
7f2c035f1000-7f2c035f3000 rw-p 00218000 103:02 2492513                   /usr/lib/x86_64-linux-gnu/libc.so.6
7f2c035f3000-7f2c03600000 rw-p 00000000 00:00 0 
7f2c03600000-7f2c03610000 r-xp 00000000 103:03 2886062                   /home/alexander/.vscode/extensions/valentjn.vscode-ltex-13.1.0/lib/ltex-ls-15.2.0/jdk-11.0.12+7/lib/jli/libjli.so
7f2c03610000-7f2c0380f000 ---p 00010000 103:03 2886062                   /home/alexander/.vscode/extensions/valentjn.vscode-ltex-13.1.0/lib/ltex-ls-15.2.0/jdk-11.0.12+7/lib/jli/libjli.so
7f2c0380f000-7f2c03810000 r--p 0000f000 103:03 2886062                   /home/alexander/.vscode/extensions/valentjn.vscode-ltex-13.1.0/lib/ltex-ls-15.2.0/jdk-11.0.12+7/lib/jli/libjli.so
7f2c03810000-7f2c03811000 rw-p 00010000 103:03 2886062                   /home/alexander/.vscode/extensions/valentjn.vscode-ltex-13.1.0/lib/ltex-ls-15.2.0/jdk-11.0.12+7/lib/jli/libjli.so
7f2c03819000-7f2c03850000 rw-p 00000000 00:00 0 
7f2c03850000-7f2c0385a000 ---p 00000000 00:00 0 
7f2c0385a000-7f2c0385b000 r--p 00000000 103:02 2492553                   /usr/lib/x86_64-linux-gnu/librt.so.1
7f2c0385b000-7f2c0385c000 r-xp 00001000 103:02 2492553                   /usr/lib/x86_64-linux-gnu/librt.so.1
7f2c0385c000-7f2c0385d000 r--p 00002000 103:02 2492553                   /usr/lib/x86_64-linux-gnu/librt.so.1
7f2c0385d000-7f2c0385e000 r--p 00002000 103:02 2492553                   /usr/lib/x86_64-linux-gnu/librt.so.1
7f2c0385e000-7f2c0385f000 rw-p 00003000 103:02 2492553                   /usr/lib/x86_64-linux-gnu/librt.so.1
7f2c0385f000-7f2c0386d000 r--p 00000000 103:02 2492521                   /usr/lib/x86_64-linux-gnu/libm.so.6
7f2c0386d000-7f2c038e9000 r-xp 0000e000 103:02 2492521                   /usr/lib/x86_64-linux-gnu/libm.so.6
7f2c038e9000-7f2c03944000 r--p 0008a000 103:02 2492521                   /usr/lib/x86_64-linux-gnu/libm.so.6
7f2c03944000-7f2c03945000 r--p 000e4000 103:02 2492521                   /usr/lib/x86_64-linux-gnu/libm.so.6
7f2c03945000-7f2c03946000 rw-p 000e5000 103:02 2492521                   /usr/lib/x86_64-linux-gnu/libm.so.6
7f2c03946000-7f2c0394a000 rw-p 00000000 00:00 0 
7f2c0394a000-7f2c0394b000 r--p 00000000 103:02 2492517                   /usr/lib/x86_64-linux-gnu/libdl.so.2
7f2c0394b000-7f2c0394c000 r-xp 00001000 103:02 2492517                   /usr/lib/x86_64-linux-gnu/libdl.so.2
7f2c0394c000-7f2c0394d000 r--p 00002000 103:02 2492517                   /usr/lib/x86_64-linux-gnu/libdl.so.2
7f2c0394d000-7f2c0394e000 r--p 00002000 103:02 2492517                   /usr/lib/x86_64-linux-gnu/libdl.so.2
7f2c0394e000-7f2c0394f000 rw-p 00003000 103:02 2492517                   /usr/lib/x86_64-linux-gnu/libdl.so.2
7f2c0394f000-7f2c03950000 r--p 00000000 103:02 2492548                   /usr/lib/x86_64-linux-gnu/libpthread.so.0
7f2c03950000-7f2c03951000 r-xp 00001000 103:02 2492548                   /usr/lib/x86_64-linux-gnu/libpthread.so.0
7f2c03951000-7f2c03952000 r--p 00002000 103:02 2492548                   /usr/lib/x86_64-linux-gnu/libpthread.so.0
7f2c03952000-7f2c03953000 r--p 00002000 103:02 2492548                   /usr/lib/x86_64-linux-gnu/libpthread.so.0
7f2c03953000-7f2c03954000 rw-p 00003000 103:02 2492548                   /usr/lib/x86_64-linux-gnu/libpthread.so.0
7f2c03954000-7f2c03956000 r--p 00000000 103:02 2498354                   /usr/lib/x86_64-linux-gnu/libz.so.1.2.11
7f2c03956000-7f2c03967000 r-xp 00002000 103:02 2498354                   /usr/lib/x86_64-linux-gnu/libz.so.1.2.11
7f2c03967000-7f2c0396d000 r--p 00013000 103:02 2498354                   /usr/lib/x86_64-linux-gnu/libz.so.1.2.11
7f2c0396d000-7f2c0396e000 ---p 00019000 103:02 2498354                   /usr/lib/x86_64-linux-gnu/libz.so.1.2.11
7f2c0396e000-7f2c0396f000 r--p 00019000 103:02 2498354                   /usr/lib/x86_64-linux-gnu/libz.so.1.2.11
7f2c0396f000-7f2c03970000 rw-p 0001a000 103:02 2498354                   /usr/lib/x86_64-linux-gnu/libz.so.1.2.11
7f2c0397d000-7f2c03985000 rw-s 00000000 103:02 2752520                   /tmp/hsperfdata_alexander/114627
7f2c03985000-7f2c03986000 ---p 00000000 00:00 0 
7f2c03986000-7f2c03987000 r--p 00000000 00:00 0 
7f2c03987000-7f2c03989000 rw-p 00000000 00:00 0 
7f2c03989000-7f2c0398b000 r--p 00000000 103:02 2492505                   /usr/lib/x86_64-linux-gnu/ld-linux-x86-64.so.2
7f2c0398b000-7f2c039b5000 r-xp 00002000 103:02 2492505                   /usr/lib/x86_64-linux-gnu/ld-linux-x86-64.so.2
7f2c039b5000-7f2c039c0000 r--p 0002c000 103:02 2492505                   /usr/lib/x86_64-linux-gnu/ld-linux-x86-64.so.2
7f2c039c1000-7f2c039c3000 r--p 00037000 103:02 2492505                   /usr/lib/x86_64-linux-gnu/ld-linux-x86-64.so.2
7f2c039c3000-7f2c039c5000 rw-p 00039000 103:02 2492505                   /usr/lib/x86_64-linux-gnu/ld-linux-x86-64.so.2
7ffe96d3d000-7ffe96d5e000 rw-p 00000000 00:00 0                          [stack]
7ffe96dae000-7ffe96db2000 r--p 00000000 00:00 0                          [vvar]
7ffe96db2000-7ffe96db4000 r-xp 00000000 00:00 0                          [vdso]
ffffffffff600000-ffffffffff601000 --xp 00000000 00:00 0                  [vsyscall]


VM Arguments:
jvm_args: -Xms64m -Xmx512m -Dapp.name=ltex-ls -Dapp.pid=114627 -Dapp.repo=/home/alexander/.vscode/extensions/valentjn.vscode-ltex-13.1.0/lib/ltex-ls-15.2.0/lib -Dapp.home=/home/alexander/.vscode/extensions/valentjn.vscode-ltex-13.1.0/lib/ltex-ls-15.2.0 -Dbasedir=/home/alexander/.vscode/extensions/valentjn.vscode-ltex-13.1.0/lib/ltex-ls-15.2.0 
java_command: org.bsplines.ltexls.LtexLanguageServerLauncher
java_class_path (initial): /home/alexander/.vscode/extensions/valentjn.vscode-ltex-13.1.0/lib/ltex-ls-15.2.0/etc:/home/alexander/.vscode/extensions/valentjn.vscode-ltex-13.1.0/lib/ltex-ls-15.2.0/lib/languagetool-ga-dicts-0.02.jar:/home/alexander/.vscode/extensions/valentjn.vscode-ltex-13.1.0/lib/ltex-ls-15.2.0/lib/simpleclient-0.10.0.jar:/home/alexander/.vscode/extensions/valentjn.vscode-ltex-13.1.0/lib/ltex-ls-15.2.0/lib/org.eclipse.lsp4j.generator-0.12.0.jar:/home/alexander/.vscode/extensions/valentjn.vscode-ltex-13.1.0/lib/ltex-ls-15.2.0/lib/languagetool-core-5.5.jar:/home/alexander/.vscode/extensions/valentjn.vscode-ltex-13.1.0/lib/ltex-ls-15.2.0/lib/simpleclient_common-0.10.0.jar:/home/alexander/.vscode/extensions/valentjn.vscode-ltex-13.1.0/lib/ltex-ls-15.2.0/lib/language-ta-5.5.jar:/home/alexander/.vscode/extensions/valentjn.vscode-ltex-13.1.0/lib/ltex-ls-15.2.0/lib/commons-lang3-3.11.jar:/home/alexander/.vscode/extensions/valentjn.vscode-ltex-13.1.0/lib/ltex-ls-15.2.0/lib/resilience4j-micrometer-1.7.1.jar:/home/alexander/.vscode/extensions/valentjn.vscode-ltex-13.1.0/lib/ltex-ls-15.2.0/lib/istack-commons-runtime-3.0.5.jar:/home/alexander/.vscode/extensions/valentjn.vscode-ltex-13.1.0/lib/ltex-ls-15.2.0/lib/picocli-4.6.2.jar:/home/alexander/.vscode/extensions/valentjn.vscode-ltex-13.1.0/lib/ltex-ls-15.2.0/lib/checker-qual-3.5.0.jar:/home/alexander/.vscode/extensions/valentjn.vscode-ltex-13.1.0/lib/ltex-ls-15.2.0/lib/bridj-0.7.0.jar:/home/alexander/.vscode/extensions/valentjn.vscode-ltex-13.1.0/lib/ltex-ls-15.2.0/lib/language-km-5.5.jar:/home/alexander/.vscode/extensions/valentjn.vscode-ltex-13.1.0/lib/ltex-ls-15.2.0/lib/language-fr-5.5.jar:/home/alexander/.vscode/extensions/valentjn.vscode-ltex-13.1.0/lib/ltex-ls-15.2.0/lib/flexmark-ext-gfm-strikethrough-0.62.2.jar:/home/alexander/.vscode/extensions/valentjn.vscode-ltex-13.1.0/lib/ltex-ls-15.2.0/lib/json-20170516.jar:/home/alexander/.vscode/extensions/valentjn.vscode-ltex-13.1.0/lib/ltex-ls-15.2.0/lib/flexm
Launcher Type: SUN_STANDARD

[Global flags]
     intx CICompilerCount                          = 12                                        {product} {ergonomic}
     uint ConcGCThreads                            = 3                                         {product} {ergonomic}
     uint G1ConcRefinementThreads                  = 13                                        {product} {ergonomic}
   size_t G1HeapRegionSize                         = 1048576                                   {product} {ergonomic}
    uintx GCDrainStackTargetSize                   = 64                                        {product} {ergonomic}
   size_t InitialHeapSize                          = 67108864                                  {product} {command line}
   size_t MarkStackSize                            = 4194304                                   {product} {ergonomic}
   size_t MaxHeapSize                              = 536870912                                 {product} {command line}
   size_t MaxNewSize                               = 321912832                                 {product} {ergonomic}
   size_t MinHeapDeltaBytes                        = 1048576                                   {product} {ergonomic}
    uintx NonNMethodCodeHeapSize                   = 7594288                                {pd product} {ergonomic}
    uintx NonProfiledCodeHeapSize                  = 122031976                              {pd product} {ergonomic}
    uintx ProfiledCodeHeapSize                     = 122031976                              {pd product} {ergonomic}
    uintx ReservedCodeCacheSize                    = 251658240                              {pd product} {ergonomic}
     bool SegmentedCodeCache                       = true                                      {product} {ergonomic}
     bool UseCompressedClassPointers               = true                                 {lp64_product} {ergonomic}
     bool UseCompressedOops                        = true                                 {lp64_product} {ergonomic}
     bool UseG1GC                                  = true                                      {product} {ergonomic}

Logging:
Log output configuration:
 #0: stdout all=warning uptime,level,tags
 #1: stderr all=off uptime,level,tags

Environment Variables:
PATH=/home/alexander/.npm-global/bin:/home/alexander/.local/bin:/home/alexander/miniconda3/bin:/home/alexander/miniconda3/condabin:/home/alexander/.npm-global/bin:/home/alexander/.local/bin:/usr/local/sbin:/usr/local/bin:/usr/sbin:/usr/bin:/sbin:/bin:/usr/games:/usr/local/games:/snap/bin:/snap/bin
USERNAME=alexander
SHELL=/bin/bash
DISPLAY=:0
LANG=en_US.UTF-8

Signal Handlers:
SIGSEGV: [libjvm.so+0xf4bc80], sa_mask[0]=11111111011111111101111111111110, sa_flags=SA_RESTART|SA_SIGINFO
SIGBUS: [libjvm.so+0xf4bc80], sa_mask[0]=11111111011111111101111111111110, sa_flags=SA_RESTART|SA_SIGINFO
SIGFPE: [libjvm.so+0xf4bc80], sa_mask[0]=11111111011111111101111111111110, sa_flags=SA_RESTART|SA_SIGINFO
SIGPIPE: [libjvm.so+0xc6c2b0], sa_mask[0]=11111111011111111101111111111110, sa_flags=SA_RESTART|SA_SIGINFO
SIGXFSZ: [libjvm.so+0xc6c2b0], sa_mask[0]=11111111011111111101111111111110, sa_flags=SA_RESTART|SA_SIGINFO
SIGILL: [libjvm.so+0xf4bc80], sa_mask[0]=11111111011111111101111111111110, sa_flags=SA_RESTART|SA_SIGINFO
SIGUSR2: [libjvm.so+0xc6c150], sa_mask[0]=00000000000000000000000000000000, sa_flags=SA_RESTART|SA_SIGINFO
SIGHUP: SIG_DFL, sa_mask[0]=00000000000000000000000000000000, sa_flags=none
SIGINT: SIG_DFL, sa_mask[0]=00000000000000000000000000000000, sa_flags=none
SIGTERM: SIG_DFL, sa_mask[0]=00000000000000000000000000000000, sa_flags=none
SIGQUIT: SIG_DFL, sa_mask[0]=00000000000000000000000000000000, sa_flags=none


---------------  S Y S T E M  ---------------

OS:DISTRIB_ID=Ubuntu
DISTRIB_RELEASE=22.04
DISTRIB_CODENAME=jammy
DISTRIB_DESCRIPTION="Ubuntu 22.04.1 LTS"
uname:Linux 5.15.0-47-generic #51-Ubuntu SMP Thu Aug 11 07:51:15 UTC 2022 x86_64
OS uptime: 0 days 21:32 hours
libc:glibc 2.35 NPTL 2.35 
rlimit (soft/hard): STACK 8192k/infinity , CORE 0k/infinity , NPROC 63411/63411 , NOFILE 1048576/1048576 , AS infinity/infinity , CPU infinity/infinity , DATA infinity/infinity , FSIZE infinity/infinity , MEMLOCK 2038612k/2038612k
load average:4.45 1.62 1.10

/proc/meminfo:
MemTotal:       16308908 kB
MemFree:         3919764 kB
MemAvailable:    9693208 kB
Buffers:          160524 kB
Cached:          5827608 kB
SwapCached:       305800 kB
Active:          3649064 kB
Inactive:        7646952 kB
Active(anon):    1049256 kB
Inactive(anon):  4485548 kB
Active(file):    2599808 kB
Inactive(file):  3161404 kB
Unevictable:         132 kB
Mlocked:             132 kB
SwapTotal:      16777212 kB
SwapFree:       14393852 kB
Dirty:               216 kB
Writeback:            72 kB
AnonPages:       5171872 kB
Mapped:          1026304 kB
Shmem:            234684 kB
KReclaimable:     347604 kB
Slab:             572536 kB
SReclaimable:     347604 kB
SUnreclaim:       224932 kB
KernelStack:       34156 kB
PageTables:        81940 kB
NFS_Unstable:          0 kB
Bounce:                0 kB
WritebackTmp:          0 kB
CommitLimit:    24931664 kB
Committed_AS:   19142184 kB
VmallocTotal:   34359738367 kB
VmallocUsed:      112480 kB
VmallocChunk:          0 kB
Percpu:            35712 kB
HardwareCorrupted:     0 kB
AnonHugePages:         0 kB
ShmemHugePages:        0 kB
ShmemPmdMapped:        0 kB
FileHugePages:         0 kB
FilePmdMapped:         0 kB
HugePages_Total:       0
HugePages_Free:        0
HugePages_Rsvd:        0
HugePages_Surp:        0
Hugepagesize:       2048 kB
Hugetlb:               0 kB
DirectMap4k:     1255016 kB
DirectMap2M:    13355008 kB
DirectMap1G:     3145728 kB

/sys/kernel/mm/transparent_hugepage/enabled:
always [madvise] never
/sys/kernel/mm/transparent_hugepage/defrag (defrag/compaction efforts parameter):
always defer defer+madvise [madvise] never

Process Memory:
Virtual Size: 2458136K (peak: 2458136K)
Resident Set Size: 27076K (peak: 27076K) (anon: 9208K, file: 17868K, shmem: 0K)
Swapped out: 0K
C-Heap outstanding allocations: 1336K

/proc/sys/kernel/threads-max (system-wide limit on the number of threads):
126823
/proc/sys/vm/max_map_count (maximum number of memory map areas a process may have):
65530
/proc/sys/kernel/pid_max (system-wide limit on number of process identifiers):
4194304

Steal ticks since vm start: 0
Steal ticks percentage since vm start:  0.000

CPU:total 16 (initial active 16) (16 cores per cpu, 2 threads per core) family 23 model 113 stepping 0 microcode 0x8701013, cmov, cx8, fxsr, mmx, sse, sse2, sse3, ssse3, sse4.1, sse4.2, popcnt, avx, avx2, aes, clmul, mmxext, 3dnowpref, lzcnt, sse4a, ht, tsc, tscinvbit, tscinv, bmi1, bmi2, adx, sha, fma
CPU Model and flags from /proc/cpuinfo:
model name	: AMD Ryzen 7 3800X 8-Core Processor
flags		: fpu vme de pse tsc msr pae mce cx8 apic sep mtrr pge mca cmov pat pse36 clflush mmx fxsr sse sse2 ht syscall nx mmxext fxsr_opt pdpe1gb rdtscp lm constant_tsc rep_good nopl nonstop_tsc cpuid extd_apicid aperfmperf rapl pni pclmulqdq monitor ssse3 fma cx16 sse4_1 sse4_2 movbe popcnt aes xsave avx f16c rdrand lahf_lm cmp_legacy svm extapic cr8_legacy abm sse4a misalignsse 3dnowprefetch osvw ibs skinit wdt tce topoext perfctr_core perfctr_nb bpext perfctr_llc mwaitx cpb cat_l3 cdp_l3 hw_pstate ssbd mba ibpb stibp vmmcall fsgsbase bmi1 avx2 smep bmi2 cqm rdt_a rdseed adx smap clflushopt clwb sha_ni xsaveopt xsavec xgetbv1 xsaves cqm_llc cqm_occup_llc cqm_mbm_total cqm_mbm_local clzero irperf xsaveerptr rdpru wbnoinvd arat npt lbrv svm_lock nrip_save tsc_scale vmcb_clean flushbyasid decodeassists pausefilter pfthreshold avic v_vmsave_vmload vgif v_spec_ctrl umip rdpid overflow_recov succor smca sme sev sev_es
Online cpus:
0-15
Offline cpus:
16-31
BIOS frequency limitation:
3900000
Frequency switch latency (ns):
0
Available cpu frequencies:
3900000 2800000 2200000 
Current governor:
schedutil
Core performance/turbo boost:
1

Memory: 4k page, physical 16308908k(3919764k free), swap 16777212k(14393852k free)

vm_info: OpenJDK 64-Bit Server VM (11.0.12+7) for linux-amd64 JRE (11.0.12+7), built on Jul 21 2021 08:09:41 by "" with gcc 7.5.0

END.
